<?xml version="1.0" encoding="UTF-8"?>
<!-- Generated by org.testng.reporters.JUnitXMLReporter -->
<testsuite hostname="pujaarora" ignored="16" name="Test" tests="27" failures="0" timestamp="05 Jul 2021 22:44:38 GMT" time="1093.79" errors="0">
  <testcase name="bookSeat_loggedInRedBusAccount" time="120.678" classname="tests.TestsType_BookSeat"/>
  <testcase name="loginWithFacebookTest" time="59.324" classname="tests.TestsType_Login"/>
  <testcase name="loginWithGoogleTest" time="80.7" classname="tests.TestsType_Login"/>
  <testcase name="loginWithPhnNoInValidTest" time="26.31" classname="tests.TestsType_Login"/>
  <testcase name="loginWithPhnNoValidTest" time="23.996" classname="tests.TestsType_Login"/>
  <testcase name="searchtest" time="88.265" classname="tests.TestsType_SearchCityNameAndDateTest"/>
  <testcase name="cancelTicket_invalidtin_invalidemail" time="20.667" classname="tests.TestsType_CancelTicket"/>
  <testcase name="cancelTicket_invalidtin_validemail" time="25.782" classname="tests.TestsType_CancelTicket"/>
  <testcase name="cancelTicket_validtin_invalidemail" time="22.579" classname="tests.TestsType_CancelTicket"/>
  <testcase name="cancelTicket_validtin_validemail" time="18.452" classname="tests.TestsType_CancelTicket"/>
  <testcase name="ChangeTravelDate_invalidtin_invalidemail" time="30.117" classname="tests.TestsType_ChangeTravelDate"/>
  <testcase name="ChangeTravelDate_invalidtin_validemail" time="22.181" classname="tests.TestsType_ChangeTravelDate"/>
  <testcase name="ChangeTravelDate_validtin_invalidemail" time="21.077" classname="tests.TestsType_ChangeTravelDate"/>
  <testcase name="ChangeTravelDate_validtin_validemail" time="19.147" classname="tests.TestsType_ChangeTravelDate"/>
  <testcase name="showMyTicket_invalidtin_invalidemail" time="19.254" classname="tests.TestsType_ShowMyTicket"/>
  <testcase name="showMyTicket_invalidtin_validemail" time="21.748" classname="tests.TestsType_ShowMyTicket"/>
  <testcase name="showMyTicket_validtin_invalidemail" time="19.11" classname="tests.TestsType_ShowMyTicket"/>
  <testcase name="showMyTicket_validtin_validemail" time="20.134" classname="tests.TestsType_ShowMyTicket"/>
  <testcase name="emailSmsTicket_invalidtin_invalidemail" time="29.694" classname="tests.TestsType_EmailSmsTicket"/>
  <testcase name="emailSmsTicket_invalidtin_validemail" time="20.925" classname="tests.TestsType_EmailSmsTicket"/>
  <testcase name="emailSmsTicket_validtin_invalidemail" time="20.247" classname="tests.TestsType_EmailSmsTicket"/>
  <testcase name="emailSmsTicket_validtin_validemail" time="28.489" classname="tests.TestsType_EmailSmsTicket"/>
  <testcase name="helpTypeNavigationTest" time="121.83" classname="tests.TestsType_Help"/>
  <testcase name="help_viewAllChatsNavigationTest" time="83.183" classname="tests.TestsType_Help"/>
  <testcase name="busHireOptionsNavigationTest" time="55.389" classname="tests.TestsType_BusHire"/>
  <testcase name="employeeTransportTest_Invalid_BlankFields" time="35.516" classname="tests.TestsType_BusHire"/>
  <testcase name="employeeTransportTest_invalidEmailAndPhn" time="38.525" classname="tests.TestsType_BusHire"/>
  <testcase name="@BeforeSuite setExtent" time="0.0" classname="tests.Test_BaseTest">
    <ignored/>
  </testcase> <!-- @BeforeSuite setExtent -->
  <testcase name="@BeforeSuite setExtent" time="0.0" classname="tests.Test_BaseTest">
    <ignored/>
  </testcase> <!-- @BeforeSuite setExtent -->
  <testcase name="@BeforeSuite setExtent" time="0.0" classname="tests.Test_BaseTest">
    <ignored/>
  </testcase> <!-- @BeforeSuite setExtent -->
  <testcase name="@BeforeSuite setExtent" time="0.0" classname="tests.Test_BaseTest">
    <ignored/>
  </testcase> <!-- @BeforeSuite setExtent -->
  <testcase name="@BeforeSuite setExtent" time="0.0" classname="tests.Test_BaseTest">
    <ignored/>
  </testcase> <!-- @BeforeSuite setExtent -->
  <testcase name="@BeforeSuite setExtent" time="0.0" classname="tests.Test_BaseTest">
    <ignored/>
  </testcase> <!-- @BeforeSuite setExtent -->
  <testcase name="@BeforeSuite setExtent" time="0.0" classname="tests.Test_BaseTest">
    <ignored/>
  </testcase> <!-- @BeforeSuite setExtent -->
  <testcase name="@BeforeSuite setExtent" time="0.0" classname="tests.Test_BaseTest">
    <ignored/>
  </testcase> <!-- @BeforeSuite setExtent -->
  <testcase name="@AfterSuite endReport" time="0.0" classname="tests.Test_BaseTest">
    <ignored/>
  </testcase> <!-- @AfterSuite endReport -->
  <testcase name="@AfterSuite endReport" time="0.0" classname="tests.Test_BaseTest">
    <ignored/>
  </testcase> <!-- @AfterSuite endReport -->
  <testcase name="@AfterSuite endReport" time="0.0" classname="tests.Test_BaseTest">
    <ignored/>
  </testcase> <!-- @AfterSuite endReport -->
  <testcase name="@AfterSuite endReport" time="0.0" classname="tests.Test_BaseTest">
    <ignored/>
  </testcase> <!-- @AfterSuite endReport -->
  <testcase name="@AfterSuite endReport" time="0.0" classname="tests.Test_BaseTest">
    <ignored/>
  </testcase> <!-- @AfterSuite endReport -->
  <testcase name="@AfterSuite endReport" time="0.0" classname="tests.Test_BaseTest">
    <ignored/>
  </testcase> <!-- @AfterSuite endReport -->
  <testcase name="@AfterSuite endReport" time="0.0" classname="tests.Test_BaseTest">
    <ignored/>
  </testcase> <!-- @AfterSuite endReport -->
  <testcase name="@AfterSuite endReport" time="0.0" classname="tests.Test_BaseTest">
    <ignored/>
  </testcase> <!-- @AfterSuite endReport -->
</testsuite> <!-- Test -->
