<?xml version="1.0" encoding="UTF-8"?>
<!-- Generated by org.testng.reporters.JUnitXMLReporter -->
<testsuite hostname="pujaarora" ignored="16" name="Test" tests="27" failures="0" timestamp="06 Jul 2021 00:15:27 GMT" time="1029.369" errors="0">
  <testcase name="bookSeat_loggedInRedBusAccount" time="129.756" classname="tests.TestsType_BookSeat"/>
  <testcase name="loginWithFacebookTest" time="53.711" classname="tests.TestsType_Login"/>
  <testcase name="loginWithGoogleTest" time="69.547" classname="tests.TestsType_Login"/>
  <testcase name="loginWithPhnNoInValidTest" time="27.622" classname="tests.TestsType_Login"/>
  <testcase name="loginWithPhnNoValidTest" time="41.375" classname="tests.TestsType_Login"/>
  <testcase name="searchtest" time="85.044" classname="tests.TestsType_SearchCityNameAndDateTest"/>
  <testcase name="cancelTicket_invalidtin_invalidemail" time="19.757" classname="tests.TestsType_CancelTicket"/>
  <testcase name="cancelTicket_invalidtin_validemail" time="21.902" classname="tests.TestsType_CancelTicket"/>
  <testcase name="cancelTicket_validtin_invalidemail" time="19.788" classname="tests.TestsType_CancelTicket"/>
  <testcase name="cancelTicket_validtin_validemail" time="17.004" classname="tests.TestsType_CancelTicket"/>
  <testcase name="ChangeTravelDate_invalidtin_invalidemail" time="20.651" classname="tests.TestsType_ChangeTravelDate"/>
  <testcase name="ChangeTravelDate_invalidtin_validemail" time="21.411" classname="tests.TestsType_ChangeTravelDate"/>
  <testcase name="ChangeTravelDate_validtin_invalidemail" time="23.755" classname="tests.TestsType_ChangeTravelDate"/>
  <testcase name="ChangeTravelDate_validtin_validemail" time="17.907" classname="tests.TestsType_ChangeTravelDate"/>
  <testcase name="showMyTicket_invalidtin_invalidemail" time="17.565" classname="tests.TestsType_ShowMyTicket"/>
  <testcase name="showMyTicket_invalidtin_validemail" time="18.696" classname="tests.TestsType_ShowMyTicket"/>
  <testcase name="showMyTicket_validtin_invalidemail" time="18.068" classname="tests.TestsType_ShowMyTicket"/>
  <testcase name="showMyTicket_validtin_validemail" time="19.064" classname="tests.TestsType_ShowMyTicket"/>
  <testcase name="emailSmsTicket_invalidtin_invalidemail" time="17.249" classname="tests.TestsType_EmailSmsTicket"/>
  <testcase name="emailSmsTicket_invalidtin_validemail" time="19.975" classname="tests.TestsType_EmailSmsTicket"/>
  <testcase name="emailSmsTicket_validtin_invalidemail" time="17.748" classname="tests.TestsType_EmailSmsTicket"/>
  <testcase name="emailSmsTicket_validtin_validemail" time="36.563" classname="tests.TestsType_EmailSmsTicket"/>
  <testcase name="helpTypeNavigationTest" time="109.545" classname="tests.TestsType_Help"/>
  <testcase name="help_viewAllChatsNavigationTest" time="71.856" classname="tests.TestsType_Help"/>
  <testcase name="busHireOptionsNavigationTest" time="45.163" classname="tests.TestsType_BusHire"/>
  <testcase name="employeeTransportTest_Invalid_BlankFields" time="33.392" classname="tests.TestsType_BusHire"/>
  <testcase name="employeeTransportTest_invalidEmailAndPhn" time="34.984" classname="tests.TestsType_BusHire"/>
  <testcase name="@BeforeSuite setExtent" time="0.0" classname="tests.Test_BaseTest">
    <ignored/>
  </testcase> <!-- @BeforeSuite setExtent -->
  <testcase name="@BeforeSuite setExtent" time="0.0" classname="tests.Test_BaseTest">
    <ignored/>
  </testcase> <!-- @BeforeSuite setExtent -->
  <testcase name="@BeforeSuite setExtent" time="0.0" classname="tests.Test_BaseTest">
    <ignored/>
  </testcase> <!-- @BeforeSuite setExtent -->
  <testcase name="@BeforeSuite setExtent" time="0.0" classname="tests.Test_BaseTest">
    <ignored/>
  </testcase> <!-- @BeforeSuite setExtent -->
  <testcase name="@BeforeSuite setExtent" time="0.0" classname="tests.Test_BaseTest">
    <ignored/>
  </testcase> <!-- @BeforeSuite setExtent -->
  <testcase name="@BeforeSuite setExtent" time="0.0" classname="tests.Test_BaseTest">
    <ignored/>
  </testcase> <!-- @BeforeSuite setExtent -->
  <testcase name="@BeforeSuite setExtent" time="0.0" classname="tests.Test_BaseTest">
    <ignored/>
  </testcase> <!-- @BeforeSuite setExtent -->
  <testcase name="@BeforeSuite setExtent" time="0.0" classname="tests.Test_BaseTest">
    <ignored/>
  </testcase> <!-- @BeforeSuite setExtent -->
  <testcase name="@AfterSuite endReport" time="0.0" classname="tests.Test_BaseTest">
    <ignored/>
  </testcase> <!-- @AfterSuite endReport -->
  <testcase name="@AfterSuite endReport" time="0.0" classname="tests.Test_BaseTest">
    <ignored/>
  </testcase> <!-- @AfterSuite endReport -->
  <testcase name="@AfterSuite endReport" time="0.0" classname="tests.Test_BaseTest">
    <ignored/>
  </testcase> <!-- @AfterSuite endReport -->
  <testcase name="@AfterSuite endReport" time="0.0" classname="tests.Test_BaseTest">
    <ignored/>
  </testcase> <!-- @AfterSuite endReport -->
  <testcase name="@AfterSuite endReport" time="0.0" classname="tests.Test_BaseTest">
    <ignored/>
  </testcase> <!-- @AfterSuite endReport -->
  <testcase name="@AfterSuite endReport" time="0.0" classname="tests.Test_BaseTest">
    <ignored/>
  </testcase> <!-- @AfterSuite endReport -->
  <testcase name="@AfterSuite endReport" time="0.0" classname="tests.Test_BaseTest">
    <ignored/>
  </testcase> <!-- @AfterSuite endReport -->
  <testcase name="@AfterSuite endReport" time="0.0" classname="tests.Test_BaseTest">
    <ignored/>
  </testcase> <!-- @AfterSuite endReport -->
</testsuite> <!-- Test -->
