<?xml version="1.0" encoding="UTF-8"?>
<testsuite xmlns:xsi="http://www.w3.org/2001/XMLSchema-instance" xsi:noNamespaceSchemaLocation="https://maven.apache.org/surefire/maven-surefire-plugin/xsd/surefire-test-report-3.0.xsd" version="3.0" name="TestSuite" time="1,030.835" tests="27" errors="0" skipped="0" failures="0">
  <properties>
[...]
</properties>
  <testcase name="bookSeat_loggedInRedBusAccount" classname="tests.TestsType_BookSeat" time="129.771">
    <system-out><![CDATA[05:28:17.952 [main] INFO  tests.Test_BaseTest - _____________________NEW SUITE_____________________
05:28:18.416 [main] INFO  tests.TestsType_BookSeat - Start test - bookSeat_loggedInRedBusAccount
05:29:31.162 [main] INFO  tests.TestsType_BookSeat - login is successful
Book Bus Travels, AC Volvo Bus, rPool & Bus Hire - redBus IndiaBook Bus Travels, AC Volvo Bus, rPool & Bus Hire - redBus IndiafalsefalseAmritsar to Chandigarh Bus Tickets Booking, Save upto 25% - redBus05:29:56.196 [main] INFO  tests.TestsType_BookSeat - src,dest,date fields are filled and search clicked
05:30:14.478 [main] INFO  tests.TestsType_BookSeat - view seats info displayed
05:30:14.761 [main] INFO  tests.TestsType_BookSeat - seat is selected
05:30:17.899 [main] INFO  tests.TestsType_BookSeat - trip time 1st option choosed
05:30:24.289 [main] INFO  tests.TestsType_BookSeat - continue and proceeded with info validation of trip by time and source
05:30:27.380 [main] INFO  tests.TestsType_BookSeat - navigated to passenger details page
05:30:28.169 [main] INFO  tests.TestsType_BookSeat - test end____________________________________________________
]]></system-out>
    <system-err><![CDATA[Starting ChromeDriver 91.0.4472.101 (af52a90bf87030dd1523486a1cd3ae25c5d76c9b-refs/branch-heads/4472@{#1462}) on port 29671
Only local connections are allowed.
Please see https://chromedriver.chromium.org/security-considerations for suggestions on keeping ChromeDriver safe.
ChromeDriver was started successfully.
Jul 06, 2021 5:28:19 AM org.openqa.selenium.remote.ProtocolHandshake createSession
INFO: Detected dialect: W3C
]]></system-err>
  </testcase>
  <testcase name="loginWithFacebookTest" classname="tests.TestsType_Login" time="53.714">
    <system-out><![CDATA[05:30:28.178 [main] INFO  tests.TestsType_Login - Start test - testCase_loginWithFacebookTest
05:30:42.462 [main] INFO  tests.TestsType_Login - facebook browser login
05:30:49.829 [main] INFO  tests.TestsType_Login - navigate to site home page
05:30:50.805 [main] INFO  tests.TestsType_Login - navigate to sign in page
05:30:59.982 [main] INFO  tests.TestsType_Login - sign in with facebook choosed
05:31:21.165 [main] INFO  tests.TestsType_Login - sign out appers
05:31:21.889 [main] INFO  tests.TestsType_Login - test ends____________________________________________________
]]></system-out>
    <system-err><![CDATA[Starting ChromeDriver 91.0.4472.101 (af52a90bf87030dd1523486a1cd3ae25c5d76c9b-refs/branch-heads/4472@{#1462}) on port 48750
Only local connections are allowed.
Please see https://chromedriver.chromium.org/security-considerations for suggestions on keeping ChromeDriver safe.
ChromeDriver was started successfully.
Jul 06, 2021 5:30:29 AM org.openqa.selenium.remote.ProtocolHandshake createSession
INFO: Detected dialect: W3C
]]></system-err>
  </testcase>
  <testcase name="loginWithGoogleTest" classname="tests.TestsType_Login" time="69.543">
    <system-out><![CDATA[05:31:21.891 [main] INFO  tests.TestsType_Login - Start test - testCase_loginWithGoogleTest
05:31:46.979 [main] INFO  tests.TestsType_Login - google browser login
05:31:48.002 [main] INFO  tests.TestsType_Login - navigate to site home page
05:31:57.255 [main] INFO  tests.TestsType_Login - navigate to sign in page
05:32:00.393 [main] INFO  tests.TestsType_Login - sign in with google choosed
05:32:30.771 [main] INFO  tests.TestsType_Login - sign out appers
05:32:31.437 [main] INFO  tests.TestsType_Login - test ends____________________________________________________
]]></system-out>
    <system-err><![CDATA[Starting ChromeDriver 91.0.4472.101 (af52a90bf87030dd1523486a1cd3ae25c5d76c9b-refs/branch-heads/4472@{#1462}) on port 6674
Only local connections are allowed.
Please see https://chromedriver.chromium.org/security-considerations for suggestions on keeping ChromeDriver safe.
ChromeDriver was started successfully.
Jul 06, 2021 5:31:22 AM org.openqa.selenium.remote.ProtocolHandshake createSession
INFO: Detected dialect: W3C
]]></system-err>
  </testcase>
  <testcase name="loginWithPhnNoInValidTest" classname="tests.TestsType_Login" time="27.623">
    <system-out><![CDATA[05:32:31.439 [main] INFO  tests.TestsType_Login - Start test - testCase_loginWithPhnNoInValidTest
05:32:45.951 [main] INFO  tests.TestsType_Login - navigate to site home page
05:32:52.207 [main] INFO  tests.TestsType_Login - navigate to sign in page
05:32:58.369 [main] INFO  tests.TestsType_Login - invalid phn no filled and error msg appears
05:32:59.059 [main] INFO  tests.TestsType_Login - test ends____________________________________________________
]]></system-out>
    <system-err><![CDATA[Starting ChromeDriver 91.0.4472.101 (af52a90bf87030dd1523486a1cd3ae25c5d76c9b-refs/branch-heads/4472@{#1462}) on port 24517
Only local connections are allowed.
Please see https://chromedriver.chromium.org/security-considerations for suggestions on keeping ChromeDriver safe.
ChromeDriver was started successfully.
Jul 06, 2021 5:32:32 AM org.openqa.selenium.remote.ProtocolHandshake createSession
INFO: Detected dialect: W3C
]]></system-err>
  </testcase>
  <testcase name="loginWithPhnNoValidTest" classname="tests.TestsType_Login" time="41.375">
    <system-out><![CDATA[05:32:59.062 [main] INFO  tests.TestsType_Login - Start test - testCase_loginWithPhnNoValidTest
05:33:27.336 [main] INFO  tests.TestsType_Login - navigate to site home page
05:33:33.572 [main] INFO  tests.TestsType_Login - navigate to sign in page
05:33:39.762 [main] INFO  tests.TestsType_Login - phn no filled no error msg appears
05:33:39.798 [main] INFO  tests.TestsType_Login - captcha box appears
05:33:40.436 [main] INFO  tests.TestsType_Login - test ends____________________________________________________
]]></system-out>
    <system-err><![CDATA[Starting ChromeDriver 91.0.4472.101 (af52a90bf87030dd1523486a1cd3ae25c5d76c9b-refs/branch-heads/4472@{#1462}) on port 27854
Only local connections are allowed.
Please see https://chromedriver.chromium.org/security-considerations for suggestions on keeping ChromeDriver safe.
ChromeDriver was started successfully.
Jul 06, 2021 5:33:00 AM org.openqa.selenium.remote.ProtocolHandshake createSession
INFO: Detected dialect: W3C
]]></system-err>
  </testcase>
  <testcase name="searchtest" classname="tests.TestsType_SearchCityNameAndDateTest" time="85.057">
    <system-out><![CDATA[05:33:40.498 [main] INFO  tests.TestsType_SearchCityNameAndDateTest - Start test - testCase_SearchCityNameAndDateTest_searchtest
05:33:47.578 [main] INFO  tests.TestsType_SearchCityNameAndDateTest - navigate to home page
falsefalseDelhi to Gurgaon Bus Tickets Booking, Save upto 25% - redBus05:34:12.767 [main] INFO  tests.TestsType_SearchCityNameAndDateTest - filled details src,dest,date areDelhi Gurgaon 31-8-2021
05:34:13.834 [main] INFO  tests.TestsType_SearchCityNameAndDateTest - SearchCityNameAndDateTest_searchtest_Delhi Gurgaon 31-8-2021 test ends
05:34:13.838 [main] INFO  tests.TestsType_SearchCityNameAndDateTest - navigate to home page
falsefalseAmritsar to Chandigarh Bus Tickets Booking, Save upto 25% - redBus05:34:38.782 [main] INFO  tests.TestsType_SearchCityNameAndDateTest - filled details src,dest,date areAmritsar Chandigarh 29-10-2021
05:34:39.362 [main] INFO  tests.TestsType_SearchCityNameAndDateTest - SearchCityNameAndDateTest_searchtest_Amritsar Chandigarh 29-10-2021 test ends
05:34:39.370 [main] INFO  tests.TestsType_SearchCityNameAndDateTest - navigate to home page
falsefalseLucknow to Kanpur Bus Tickets Booking, Save upto 25% - redBus05:35:04.239 [main] INFO  tests.TestsType_SearchCityNameAndDateTest - filled details src,dest,date areLucknow Kanpur 13-12-2021
05:35:04.762 [main] INFO  tests.TestsType_SearchCityNameAndDateTest - SearchCityNameAndDateTest_searchtest_Lucknow Kanpur 13-12-2021 test ends
05:35:05.541 [main] INFO  tests.TestsType_SearchCityNameAndDateTest - test ends__________________________
]]></system-out>
    <system-err><![CDATA[Starting ChromeDriver 91.0.4472.101 (af52a90bf87030dd1523486a1cd3ae25c5d76c9b-refs/branch-heads/4472@{#1462}) on port 13402
Only local connections are allowed.
Please see https://chromedriver.chromium.org/security-considerations for suggestions on keeping ChromeDriver safe.
ChromeDriver was started successfully.
Jul 06, 2021 5:33:41 AM org.openqa.selenium.remote.ProtocolHandshake createSession
INFO: Detected dialect: W3C
]]></system-err>
  </testcase>
  <testcase name="cancelTicket_invalidtin_invalidemail" classname="tests.TestsType_CancelTicket" time="19.761">
    <system-out><![CDATA[05:35:05.624 [main] INFO  tests.TestsType_CancelTicket - Start test - testCase_cancelTicket_invalidtin_invalidemail
05:35:24.689 [main] INFO  tests.TestsType_CancelTicket - navigated to cancel ticket page and details filled and submit clicked
05:35:24.735 [main] INFO  tests.TestsType_CancelTicket - warning validated
05:35:25.381 [main] INFO  tests.TestsType_CancelTicket - test end____________________________________________________
]]></system-out>
    <system-err><![CDATA[Starting ChromeDriver 91.0.4472.101 (af52a90bf87030dd1523486a1cd3ae25c5d76c9b-refs/branch-heads/4472@{#1462}) on port 3949
Only local connections are allowed.
Please see https://chromedriver.chromium.org/security-considerations for suggestions on keeping ChromeDriver safe.
ChromeDriver was started successfully.
Jul 06, 2021 5:35:06 AM org.openqa.selenium.remote.ProtocolHandshake createSession
INFO: Detected dialect: W3C
]]></system-err>
  </testcase>
  <testcase name="cancelTicket_invalidtin_validemail" classname="tests.TestsType_CancelTicket" time="21.9">
    <system-out><![CDATA[05:35:25.383 [main] INFO  tests.TestsType_CancelTicket - Start test - testCase_cancelTicket_invalidtin_validemail
05:35:46.538 [main] INFO  tests.TestsType_CancelTicket - navigated to cancel ticket page and details filled and submit clicked
05:35:46.571 [main] INFO  tests.TestsType_CancelTicket - warning validated
05:35:47.284 [main] INFO  tests.TestsType_CancelTicket - end test____________________________________________________
]]></system-out>
    <system-err><![CDATA[Starting ChromeDriver 91.0.4472.101 (af52a90bf87030dd1523486a1cd3ae25c5d76c9b-refs/branch-heads/4472@{#1462}) on port 34800
Only local connections are allowed.
Please see https://chromedriver.chromium.org/security-considerations for suggestions on keeping ChromeDriver safe.
ChromeDriver was started successfully.
Jul 06, 2021 5:35:26 AM org.openqa.selenium.remote.ProtocolHandshake createSession
INFO: Detected dialect: W3C
]]></system-err>
  </testcase>
  <testcase name="cancelTicket_validtin_invalidemail" classname="tests.TestsType_CancelTicket" time="19.789">
    <system-out><![CDATA[05:35:47.285 [main] INFO  tests.TestsType_CancelTicket - Start test - testCase_cancelTicket_validtin_invalidemail
05:36:06.354 [main] INFO  tests.TestsType_CancelTicket - navigated to cancel ticket page and details filled and submit clicked
05:36:06.404 [main] INFO  tests.TestsType_CancelTicket - warning validated
05:36:07.072 [main] INFO  tests.TestsType_CancelTicket - test end____________________________________________________
]]></system-out>
    <system-err><![CDATA[Starting ChromeDriver 91.0.4472.101 (af52a90bf87030dd1523486a1cd3ae25c5d76c9b-refs/branch-heads/4472@{#1462}) on port 7500
Only local connections are allowed.
Please see https://chromedriver.chromium.org/security-considerations for suggestions on keeping ChromeDriver safe.
ChromeDriver was started successfully.
Jul 06, 2021 5:35:48 AM org.openqa.selenium.remote.ProtocolHandshake createSession
INFO: Detected dialect: W3C
]]></system-err>
  </testcase>
  <testcase name="cancelTicket_validtin_validemail" classname="tests.TestsType_CancelTicket" time="17.005">
    <system-out><![CDATA[05:36:07.073 [main] INFO  tests.TestsType_CancelTicket - Start test - testCase_cancelTicket_validtin_validemail
05:36:12.918 [main] INFO  tests.TestsType_CancelTicket - navigated to home page
05:36:19.903 [main] INFO  tests.TestsType_CancelTicket - navigated to cancel ticket page
05:36:23.213 [main] INFO  tests.TestsType_CancelTicket - details filled submit clicked
05:36:24.076 [main] INFO  tests.TestsType_CancelTicket - end test____________________________________________________
]]></system-out>
    <system-err><![CDATA[Starting ChromeDriver 91.0.4472.101 (af52a90bf87030dd1523486a1cd3ae25c5d76c9b-refs/branch-heads/4472@{#1462}) on port 5261
Only local connections are allowed.
Please see https://chromedriver.chromium.org/security-considerations for suggestions on keeping ChromeDriver safe.
ChromeDriver was started successfully.
Jul 06, 2021 5:36:08 AM org.openqa.selenium.remote.ProtocolHandshake createSession
INFO: Detected dialect: W3C
]]></system-err>
  </testcase>
  <testcase name="ChangeTravelDate_invalidtin_invalidemail" classname="tests.TestsType_ChangeTravelDate" time="20.656">
    <system-out><![CDATA[05:36:24.117 [main] INFO  tests.TestsType_ChangeTravelDate - Start test - testCase_ChangeTravelDate_invalidtin_invalidemail
05:36:44.047 [main] INFO  tests.TestsType_ChangeTravelDate - navigated to changeTravelDate page and details filled and submit clicked
05:36:44.090 [main] INFO  tests.TestsType_ChangeTravelDate - warning validated
05:36:44.767 [main] INFO  tests.TestsType_ChangeTravelDate - end test____________________________________________________
]]></system-out>
    <system-err><![CDATA[Starting ChromeDriver 91.0.4472.101 (af52a90bf87030dd1523486a1cd3ae25c5d76c9b-refs/branch-heads/4472@{#1462}) on port 1269
Only local connections are allowed.
Please see https://chromedriver.chromium.org/security-considerations for suggestions on keeping ChromeDriver safe.
ChromeDriver was started successfully.
Jul 06, 2021 5:36:25 AM org.openqa.selenium.remote.ProtocolHandshake createSession
INFO: Detected dialect: W3C
]]></system-err>
  </testcase>
  <testcase name="ChangeTravelDate_invalidtin_validemail" classname="tests.TestsType_ChangeTravelDate" time="21.41">
    <system-out><![CDATA[05:36:44.770 [main] INFO  tests.TestsType_ChangeTravelDate - Start test - testCase_ChangeTravelDate_invalidtin_validemail
05:37:05.472 [main] INFO  tests.TestsType_ChangeTravelDate - navigated to changeTravelDate page and details filled and submit clicked
05:37:05.507 [main] INFO  tests.TestsType_ChangeTravelDate - warning validated
05:37:06.181 [main] INFO  tests.TestsType_ChangeTravelDate - end test____________________________________________________
]]></system-out>
    <system-err><![CDATA[Starting ChromeDriver 91.0.4472.101 (af52a90bf87030dd1523486a1cd3ae25c5d76c9b-refs/branch-heads/4472@{#1462}) on port 1506
Only local connections are allowed.
Please see https://chromedriver.chromium.org/security-considerations for suggestions on keeping ChromeDriver safe.
ChromeDriver was started successfully.
Jul 06, 2021 5:36:45 AM org.openqa.selenium.remote.ProtocolHandshake createSession
INFO: Detected dialect: W3C
]]></system-err>
  </testcase>
  <testcase name="ChangeTravelDate_validtin_invalidemail" classname="tests.TestsType_ChangeTravelDate" time="23.758">
    <system-out><![CDATA[05:37:06.182 [main] INFO  tests.TestsType_ChangeTravelDate - Start test - testCase_ChangeTravelDate_validtin_invalidemail
05:37:29.248 [main] INFO  tests.TestsType_ChangeTravelDate - navigated to changeTravelDate page and details filled and submit clicked
05:37:29.286 [main] INFO  tests.TestsType_ChangeTravelDate - warning validated
05:37:29.936 [main] INFO  tests.TestsType_ChangeTravelDate - end test__________________________
]]></system-out>
    <system-err><![CDATA[Starting ChromeDriver 91.0.4472.101 (af52a90bf87030dd1523486a1cd3ae25c5d76c9b-refs/branch-heads/4472@{#1462}) on port 10006
Only local connections are allowed.
Please see https://chromedriver.chromium.org/security-considerations for suggestions on keeping ChromeDriver safe.
ChromeDriver was started successfully.
Jul 06, 2021 5:37:07 AM org.openqa.selenium.remote.ProtocolHandshake createSession
INFO: Detected dialect: W3C
]]></system-err>
  </testcase>
  <testcase name="ChangeTravelDate_validtin_validemail" classname="tests.TestsType_ChangeTravelDate" time="17.913">
    <system-out><![CDATA[05:37:29.939 [main] INFO  tests.TestsType_ChangeTravelDate - Start test - testCase_ChangeTravelDate_validtin_validemail
05:37:37.144 [main] INFO  tests.TestsType_ChangeTravelDate - navigated to home page
05:37:43.925 [main] INFO  tests.TestsType_ChangeTravelDate - navigated to ChangeTravelDate page
05:37:47.199 [main] INFO  tests.TestsType_ChangeTravelDate - details filled submit clicked
05:37:47.845 [main] INFO  tests.TestsType_ChangeTravelDate - end test____________________________________________________
]]></system-out>
    <system-err><![CDATA[Starting ChromeDriver 91.0.4472.101 (af52a90bf87030dd1523486a1cd3ae25c5d76c9b-refs/branch-heads/4472@{#1462}) on port 42962
Only local connections are allowed.
Please see https://chromedriver.chromium.org/security-considerations for suggestions on keeping ChromeDriver safe.
ChromeDriver was started successfully.
Jul 06, 2021 5:37:30 AM org.openqa.selenium.remote.ProtocolHandshake createSession
INFO: Detected dialect: W3C
]]></system-err>
  </testcase>
  <testcase name="showMyTicket_invalidtin_invalidemail" classname="tests.TestsType_ShowMyTicket" time="17.567">
    <system-out><![CDATA[05:37:47.868 [main] INFO  tests.TestsType_ShowMyTicket - Start test - testCase_showMyTicket_invalidtin_invalidemail
05:38:04.732 [main] INFO  tests.TestsType_ShowMyTicket - navigated to showMyTicket page and details filled and submit clicked
05:38:04.777 [main] INFO  tests.TestsType_ShowMyTicket - warning validated
05:38:05.433 [main] INFO  tests.TestsType_ShowMyTicket - end test____________________________________________________
]]></system-out>
    <system-err><![CDATA[Starting ChromeDriver 91.0.4472.101 (af52a90bf87030dd1523486a1cd3ae25c5d76c9b-refs/branch-heads/4472@{#1462}) on port 21388
Only local connections are allowed.
Please see https://chromedriver.chromium.org/security-considerations for suggestions on keeping ChromeDriver safe.
ChromeDriver was started successfully.
Jul 06, 2021 5:37:48 AM org.openqa.selenium.remote.ProtocolHandshake createSession
INFO: Detected dialect: W3C
]]></system-err>
  </testcase>
  <testcase name="showMyTicket_invalidtin_validemail" classname="tests.TestsType_ShowMyTicket" time="18.696">
    <system-out><![CDATA[05:38:05.434 [main] INFO  tests.TestsType_ShowMyTicket - Start test - testCase_showMyTicket_invalidtin_validemail
05:38:23.412 [main] INFO  tests.TestsType_ShowMyTicket - navigated to showMyTicket page and details filled and submit clicked
05:38:23.459 [main] INFO  tests.TestsType_ShowMyTicket - warning validated
05:38:24.129 [main] INFO  tests.TestsType_ShowMyTicket - end test____________________________________________________
]]></system-out>
    <system-err><![CDATA[Starting ChromeDriver 91.0.4472.101 (af52a90bf87030dd1523486a1cd3ae25c5d76c9b-refs/branch-heads/4472@{#1462}) on port 9510
Only local connections are allowed.
Please see https://chromedriver.chromium.org/security-considerations for suggestions on keeping ChromeDriver safe.
ChromeDriver was started successfully.
Jul 06, 2021 5:38:06 AM org.openqa.selenium.remote.ProtocolHandshake createSession
INFO: Detected dialect: W3C
]]></system-err>
  </testcase>
  <testcase name="showMyTicket_validtin_invalidemail" classname="tests.TestsType_ShowMyTicket" time="18.074">
    <system-out><![CDATA[05:38:24.131 [main] INFO  tests.TestsType_ShowMyTicket - Start test - testCase_showMyTicket_validtin_invalidemail
05:38:41.455 [main] INFO  tests.TestsType_ShowMyTicket - navigated to showMyTicket page and details filled and submit clicked
05:38:41.510 [main] INFO  tests.TestsType_ShowMyTicket - warning validated
05:38:42.198 [main] INFO  tests.TestsType_ShowMyTicket - end test____________________________________________________
]]></system-out>
    <system-err><![CDATA[Starting ChromeDriver 91.0.4472.101 (af52a90bf87030dd1523486a1cd3ae25c5d76c9b-refs/branch-heads/4472@{#1462}) on port 29131
Only local connections are allowed.
Please see https://chromedriver.chromium.org/security-considerations for suggestions on keeping ChromeDriver safe.
ChromeDriver was started successfully.
Jul 06, 2021 5:38:25 AM org.openqa.selenium.remote.ProtocolHandshake createSession
INFO: Detected dialect: W3C
]]></system-err>
  </testcase>
  <testcase name="showMyTicket_validtin_validemail" classname="tests.TestsType_ShowMyTicket" time="19.063">
    <system-out><![CDATA[05:38:42.201 [main] INFO  tests.TestsType_ShowMyTicket - Start test - testCase_showMyTicket_validtin_validemail
05:38:49.901 [main] INFO  tests.TestsType_ShowMyTicket - navigated to home page
05:38:56.755 [main] INFO  tests.TestsType_ShowMyTicket - navigated to show my ticket page
05:39:00.597 [main] INFO  tests.TestsType_ShowMyTicket - details filled and submit clicked
05:39:01.264 [main] INFO  tests.TestsType_ShowMyTicket - end test____________________________________________________
]]></system-out>
    <system-err><![CDATA[Starting ChromeDriver 91.0.4472.101 (af52a90bf87030dd1523486a1cd3ae25c5d76c9b-refs/branch-heads/4472@{#1462}) on port 3387
Only local connections are allowed.
Please see https://chromedriver.chromium.org/security-considerations for suggestions on keeping ChromeDriver safe.
ChromeDriver was started successfully.
Jul 06, 2021 5:38:43 AM org.openqa.selenium.remote.ProtocolHandshake createSession
INFO: Detected dialect: W3C
]]></system-err>
  </testcase>
  <testcase name="emailSmsTicket_invalidtin_invalidemail" classname="tests.TestsType_EmailSmsTicket" time="17.25">
    <system-out><![CDATA[05:39:01.287 [main] INFO  tests.TestsType_EmailSmsTicket - Start test - testCase_emailSmsTicket_invalidtin_invalidemail
05:39:17.873 [main] INFO  tests.TestsType_EmailSmsTicket - navigated to emailSmsTicket page and details filled and submit clicked
05:39:17.907 [main] INFO  tests.TestsType_EmailSmsTicket - warning validated
05:39:18.536 [main] INFO  tests.TestsType_EmailSmsTicket - end test____________________________________________________
]]></system-out>
    <system-err><![CDATA[Starting ChromeDriver 91.0.4472.101 (af52a90bf87030dd1523486a1cd3ae25c5d76c9b-refs/branch-heads/4472@{#1462}) on port 31657
Only local connections are allowed.
Please see https://chromedriver.chromium.org/security-considerations for suggestions on keeping ChromeDriver safe.
ChromeDriver was started successfully.
Jul 06, 2021 5:39:02 AM org.openqa.selenium.remote.ProtocolHandshake createSession
INFO: Detected dialect: W3C
]]></system-err>
  </testcase>
  <testcase name="emailSmsTicket_invalidtin_validemail" classname="tests.TestsType_EmailSmsTicket" time="19.978">
    <system-out><![CDATA[05:39:18.537 [main] INFO  tests.TestsType_EmailSmsTicket - Start test - testCase_emailSmsTicket_invalidtin_validemail
05:39:37.796 [main] INFO  tests.TestsType_EmailSmsTicket - navigated to emailSmsTicket page and details filled and submit clicked
05:39:37.833 [main] INFO  tests.TestsType_EmailSmsTicket - warning validated
05:39:38.512 [main] INFO  tests.TestsType_EmailSmsTicket - end test____________________________________________________
]]></system-out>
    <system-err><![CDATA[Starting ChromeDriver 91.0.4472.101 (af52a90bf87030dd1523486a1cd3ae25c5d76c9b-refs/branch-heads/4472@{#1462}) on port 27514
Only local connections are allowed.
Please see https://chromedriver.chromium.org/security-considerations for suggestions on keeping ChromeDriver safe.
ChromeDriver was started successfully.
Jul 06, 2021 5:39:19 AM org.openqa.selenium.remote.ProtocolHandshake createSession
INFO: Detected dialect: W3C
]]></system-err>
  </testcase>
  <testcase name="emailSmsTicket_validtin_invalidemail" classname="tests.TestsType_EmailSmsTicket" time="17.747">
    <system-out><![CDATA[05:39:38.514 [main] INFO  tests.TestsType_EmailSmsTicket - Start test - testCase_emailSmsTicket_validtin_invalidemail
05:39:55.515 [main] INFO  tests.TestsType_EmailSmsTicket - navigated to emailSmsTicket page and details filled and submit clicked
05:39:55.589 [main] INFO  tests.TestsType_EmailSmsTicket - warning validated
05:39:56.261 [main] INFO  tests.TestsType_EmailSmsTicket - end test____________________________________________________
]]></system-out>
    <system-err><![CDATA[Starting ChromeDriver 91.0.4472.101 (af52a90bf87030dd1523486a1cd3ae25c5d76c9b-refs/branch-heads/4472@{#1462}) on port 37875
Only local connections are allowed.
Please see https://chromedriver.chromium.org/security-considerations for suggestions on keeping ChromeDriver safe.
ChromeDriver was started successfully.
Jul 06, 2021 5:39:39 AM org.openqa.selenium.remote.ProtocolHandshake createSession
INFO: Detected dialect: W3C
]]></system-err>
  </testcase>
  <testcase name="emailSmsTicket_validtin_validemail" classname="tests.TestsType_EmailSmsTicket" time="36.565">
    <system-out><![CDATA[05:39:56.262 [main] INFO  tests.TestsType_EmailSmsTicket - Start test - testCase_emailSmsTicket_validtin_validemail
05:40:24.762 [main] INFO  tests.TestsType_EmailSmsTicket - navigated to home page
05:40:28.254 [main] INFO  tests.TestsType_EmailSmsTicket - navigated to EmailSmsTicket page
05:40:32.144 [main] INFO  tests.TestsType_EmailSmsTicket - details filled submit clicked
05:40:32.824 [main] INFO  tests.TestsType_EmailSmsTicket - end test____________________________________________________
]]></system-out>
    <system-err><![CDATA[Starting ChromeDriver 91.0.4472.101 (af52a90bf87030dd1523486a1cd3ae25c5d76c9b-refs/branch-heads/4472@{#1462}) on port 43852
Only local connections are allowed.
Please see https://chromedriver.chromium.org/security-considerations for suggestions on keeping ChromeDriver safe.
ChromeDriver was started successfully.
Jul 06, 2021 5:39:57 AM org.openqa.selenium.remote.ProtocolHandshake createSession
INFO: Detected dialect: W3C
]]></system-err>
  </testcase>
  <testcase name="helpTypeNavigationTest" classname="tests.TestsType_Help" time="109.55">
    <system-out><![CDATA[05:40:32.826 [main] INFO  tests.TestsType_Help - Start test - testCase_helpTypeNavigationTest
05:41:25.833 [main] INFO  tests.TestsType_Help - browser login and then site login
05:41:28.849 [main] INFO  tests.TestsType_Help - navigated to home page
05:41:29.841 [main] INFO  tests.TestsType_Help - navigated to help page
05:41:34.345 [main] INFO  tests.TestsType_Help - popups handled
05:41:35.221 [main] INFO  tests.TestsType_Help - navigated to newBusBookingHelp
05:41:44.424 [main] INFO  tests.TestsType_Help - navigated to covid19traveladvisory
05:41:50.647 [main] INFO  tests.TestsType_Help - navigated to safetyPlusFeatureHelp
05:41:56.866 [main] INFO  tests.TestsType_Help - navigated to technicalIssuesHelp
05:42:03.068 [main] INFO  tests.TestsType_Help - navigated to redbusReferralHelp
05:42:09.251 [main] INFO  tests.TestsType_Help - navigated to offersHelp
05:42:15.510 [main] INFO  tests.TestsType_Help - navigated to redBusWalletHelp
05:42:21.681 [main] INFO  tests.TestsType_Help - navigated to rpoolHelp
05:42:22.370 [main] INFO  tests.TestsType_Help - test end____________________________________________________
]]></system-out>
    <system-err><![CDATA[Starting ChromeDriver 91.0.4472.101 (af52a90bf87030dd1523486a1cd3ae25c5d76c9b-refs/branch-heads/4472@{#1462}) on port 6854
Only local connections are allowed.
Please see https://chromedriver.chromium.org/security-considerations for suggestions on keeping ChromeDriver safe.
ChromeDriver was started successfully.
Jul 06, 2021 5:40:33 AM org.openqa.selenium.remote.ProtocolHandshake createSession
INFO: Detected dialect: W3C
]]></system-err>
  </testcase>
  <testcase name="help_viewAllChatsNavigationTest" classname="tests.TestsType_Help" time="71.853">
    <system-out><![CDATA[05:42:22.374 [main] INFO  tests.TestsType_Help - Start test - testCase_help_viewAllChatsNavigationTest
05:43:15.116 [main] INFO  tests.TestsType_Help - browser login and then site login
05:43:15.121 [main] INFO  tests.TestsType_Help - navigated to home page
05:43:16.129 [main] INFO  tests.TestsType_Help - navigated to help page
05:43:19.251 [main] INFO  tests.TestsType_Help - popups handled
05:43:20.497 [main] INFO  tests.TestsType_Help - popups handled
05:43:21.217 [main] INFO  tests.TestsType_Help - navigated to chats page
05:43:27.410 [main] INFO  tests.TestsType_Help - view last chat
05:43:33.539 [main] INFO  tests.TestsType_Help - view previous chat
05:43:34.229 [main] INFO  tests.TestsType_Help - test end____________________________________________________
]]></system-out>
    <system-err><![CDATA[Starting ChromeDriver 91.0.4472.101 (af52a90bf87030dd1523486a1cd3ae25c5d76c9b-refs/branch-heads/4472@{#1462}) on port 18318
Only local connections are allowed.
Please see https://chromedriver.chromium.org/security-considerations for suggestions on keeping ChromeDriver safe.
ChromeDriver was started successfully.
Jul 06, 2021 5:42:23 AM org.openqa.selenium.remote.ProtocolHandshake createSession
INFO: Detected dialect: W3C
]]></system-err>
  </testcase>
  <testcase name="busHireOptionsNavigationTest" classname="tests.TestsType_BusHire" time="45.166">
    <system-out><![CDATA[05:43:34.230 [main] INFO  tests.TestsType_BusHire - Start test - testCase_busHireOptionsNavigationTest
05:43:48.776 [main] INFO  tests.TestsType_BusHire - navigate to home page
05:43:53.812 [main] INFO  tests.TestsType_BusHire - navigate to bus hire page
05:44:00.083 [main] INFO  tests.TestsType_BusHire - navigate to outstation page
05:44:06.311 [main] INFO  tests.TestsType_BusHire - navigate to local page
05:44:15.669 [main] INFO  tests.TestsType_BusHire - navigate to airport page
05:44:19.393 [main] INFO  tests.TestsType_BusHire - test ends____________________________________________________
]]></system-out>
    <system-err><![CDATA[Starting ChromeDriver 91.0.4472.101 (af52a90bf87030dd1523486a1cd3ae25c5d76c9b-refs/branch-heads/4472@{#1462}) on port 2829
Only local connections are allowed.
Please see https://chromedriver.chromium.org/security-considerations for suggestions on keeping ChromeDriver safe.
ChromeDriver was started successfully.
Jul 06, 2021 5:43:35 AM org.openqa.selenium.remote.ProtocolHandshake createSession
INFO: Detected dialect: W3C
]]></system-err>
  </testcase>
  <testcase name="employeeTransportTest_Invalid_BlankFields" classname="tests.TestsType_BusHire" time="33.394">
    <system-out><![CDATA[05:44:19.394 [main] INFO  tests.TestsType_BusHire - Start test - testCase_employeeTransportTest_Invalid_BlankFields
05:44:28.309 [main] INFO  tests.TestsType_BusHire - navigate to home page
05:44:33.544 [main] INFO  tests.TestsType_BusHire - navigate to bus hire page
05:44:42.769 [main] INFO  tests.TestsType_BusHire - navigate to rcommute page
05:44:45.925 [main] INFO  tests.TestsType_BusHire - submit clicked without filling fields
05:44:52.144 [main] INFO  tests.TestsType_BusHire - error appears
05:44:52.786 [main] INFO  tests.TestsType_BusHire - test ends____________________________________________________
]]></system-out>
    <system-err><![CDATA[Starting ChromeDriver 91.0.4472.101 (af52a90bf87030dd1523486a1cd3ae25c5d76c9b-refs/branch-heads/4472@{#1462}) on port 25631
Only local connections are allowed.
Please see https://chromedriver.chromium.org/security-considerations for suggestions on keeping ChromeDriver safe.
ChromeDriver was started successfully.
Jul 06, 2021 5:44:20 AM org.openqa.selenium.remote.ProtocolHandshake createSession
INFO: Detected dialect: W3C
]]></system-err>
  </testcase>
  <testcase name="employeeTransportTest_invalidEmailAndPhn" classname="tests.TestsType_BusHire" time="34.983">
    <system-out><![CDATA[05:44:52.789 [main] INFO  tests.TestsType_BusHire - Start test - testCase_employeeTransportTest_invalidEmailAndPhn
05:45:03.292 [main] INFO  tests.TestsType_BusHire - navigate to home page
05:45:08.354 [main] INFO  tests.TestsType_BusHire - navigate to bus hire page
05:45:17.559 [main] INFO  tests.TestsType_BusHire - navigate to rcommute page
05:45:20.951 [main] INFO  tests.TestsType_BusHire - fields filled with invalid credential format
05:45:21.015 [main] INFO  tests.TestsType_BusHire - submit clicked
05:45:27.093 [main] INFO  tests.TestsType_BusHire - error appears
05:45:27.771 [main] INFO  tests.TestsType_BusHire - test ends____________________________________________________
]]></system-out>
    <system-err><![CDATA[Starting ChromeDriver 91.0.4472.101 (af52a90bf87030dd1523486a1cd3ae25c5d76c9b-refs/branch-heads/4472@{#1462}) on port 1504
Only local connections are allowed.
Please see https://chromedriver.chromium.org/security-considerations for suggestions on keeping ChromeDriver safe.
ChromeDriver was started successfully.
Jul 06, 2021 5:44:53 AM org.openqa.selenium.remote.ProtocolHandshake createSession
INFO: Detected dialect: W3C
]]></system-err>
  </testcase>
</testsuite>