<?xml version="1.0" encoding="UTF-8"?>
<testng-results skipped="0" failed="0" ignored="16" total="43" passed="27">
  <reporter-output>
    <line>
      <![CDATA[login is successful]]>
    </line>
    <line>
      <![CDATA[src,dest,date fields are filled and search clicked]]>
    </line>
    <line>
      <![CDATA[view seats result displayed]]>
    </line>
    <line>
      <![CDATA[view seats info displayed]]>
    </line>
    <line>
      <![CDATA[seat is selected]]>
    </line>
    <line>
      <![CDATA[trip time 1st option choosed]]>
    </line>
    <line>
      <![CDATA[continue and proceeded with info validation of trip by time and source]]>
    </line>
    <line>
      <![CDATA[navigated to passenger details page]]>
    </line>
    <line>
      <![CDATA[facebook browser login]]>
    </line>
    <line>
      <![CDATA[navigate to site home page]]>
    </line>
    <line>
      <![CDATA[navigate to sign in page]]>
    </line>
    <line>
      <![CDATA[sign in with facebook choosed]]>
    </line>
    <line>
      <![CDATA[sign out appers]]>
    </line>
    <line>
      <![CDATA[google browser login]]>
    </line>
    <line>
      <![CDATA[navigate to site home page]]>
    </line>
    <line>
      <![CDATA[navigate to sign in page]]>
    </line>
    <line>
      <![CDATA[sign in with google choosed]]>
    </line>
    <line>
      <![CDATA[sign out appers]]>
    </line>
    <line>
      <![CDATA[navigate to site home page]]>
    </line>
    <line>
      <![CDATA[navigate to sign in page]]>
    </line>
    <line>
      <![CDATA[invalid phn no filled and error msg appears]]>
    </line>
    <line>
      <![CDATA[navigate to site home page]]>
    </line>
    <line>
      <![CDATA[navigate to sign in page]]>
    </line>
    <line>
      <![CDATA[phn no filled without error msg]]>
    </line>
    <line>
      <![CDATA[captcha box appears]]>
    </line>
    <line>
      <![CDATA[navigate to home page]]>
    </line>
    <line>
      <![CDATA[filled details src,dest,date areDelhi Gurgaon 31-8-2021]]>
    </line>
    <line>
      <![CDATA[SearchCityNameAndDateTest_searchtest_Delhi Gurgaon 31-8-2021 test ends]]>
    </line>
    <line>
      <![CDATA[navigate to home page]]>
    </line>
    <line>
      <![CDATA[filled details src,dest,date areAmritsar Chandigarh 29-10-2021]]>
    </line>
    <line>
      <![CDATA[SearchCityNameAndDateTest_searchtest_Amritsar Chandigarh 29-10-2021 test ends]]>
    </line>
    <line>
      <![CDATA[navigate to home page]]>
    </line>
    <line>
      <![CDATA[filled details src,dest,date areLucknow Kanpur 13-12-2021]]>
    </line>
    <line>
      <![CDATA[SearchCityNameAndDateTest_searchtest_Lucknow Kanpur 13-12-2021 test ends]]>
    </line>
    <line>
      <![CDATA[navigated to cancel ticket page and details filled and submit clicked]]>
    </line>
    <line>
      <![CDATA[warning validated]]>
    </line>
    <line>
      <![CDATA[navigated to cancel ticket page and details filled and submit clicked]]>
    </line>
    <line>
      <![CDATA[warning validated]]>
    </line>
    <line>
      <![CDATA[navigated to cancel ticket page and details filled and submit clicked]]>
    </line>
    <line>
      <![CDATA[warning validated]]>
    </line>
    <line>
      <![CDATA[navigated to home page]]>
    </line>
    <line>
      <![CDATA[navigated to cancel ticket page]]>
    </line>
    <line>
      <![CDATA[details filled submit clicked]]>
    </line>
    <line>
      <![CDATA[navigated to changeTravelDate page and details filled and submit clicked]]>
    </line>
    <line>
      <![CDATA[warning validated]]>
    </line>
    <line>
      <![CDATA[navigated to changeTravelDate page and details filled and submit clicked]]>
    </line>
    <line>
      <![CDATA[warning validated]]>
    </line>
    <line>
      <![CDATA[navigated to changeTravelDate page and details filled and submit clicked]]>
    </line>
    <line>
      <![CDATA[warning validated]]>
    </line>
    <line>
      <![CDATA[navigated to home page]]>
    </line>
    <line>
      <![CDATA[navigated to ChangeTravelDate page]]>
    </line>
    <line>
      <![CDATA[details filled submit clicked]]>
    </line>
    <line>
      <![CDATA[navigated to showMyTicket page and details filled and submit clicked]]>
    </line>
    <line>
      <![CDATA[warning validated]]>
    </line>
    <line>
      <![CDATA[navigated to showMyTicket page and details filled and submit clicked]]>
    </line>
    <line>
      <![CDATA[warning validated]]>
    </line>
    <line>
      <![CDATA[navigated to showMyTicket page and details filled and submit clicked]]>
    </line>
    <line>
      <![CDATA[warning validated]]>
    </line>
    <line>
      <![CDATA[navigated to home page]]>
    </line>
    <line>
      <![CDATA[navigated to show my ticket page]]>
    </line>
    <line>
      <![CDATA[details filled and submit clicked]]>
    </line>
    <line>
      <![CDATA[navigated to emailSmsTicket page and details filled and submit clicked]]>
    </line>
    <line>
      <![CDATA[warning validated]]>
    </line>
    <line>
      <![CDATA[navigated to emailSmsTicket page and details filled and submit clicked]]>
    </line>
    <line>
      <![CDATA[warning validated]]>
    </line>
    <line>
      <![CDATA[navigated to emailSmsTicket page and details filled and submit clicked]]>
    </line>
    <line>
      <![CDATA[warning validated]]>
    </line>
    <line>
      <![CDATA[navigated to home page]]>
    </line>
    <line>
      <![CDATA[navigated to EmailSmsTicket page]]>
    </line>
    <line>
      <![CDATA[details filled submit clicked]]>
    </line>
    <line>
      <![CDATA[browser login and then site login]]>
    </line>
    <line>
      <![CDATA[navigated to home page]]>
    </line>
    <line>
      <![CDATA[navigated to help page]]>
    </line>
    <line>
      <![CDATA[popups handled]]>
    </line>
    <line>
      <![CDATA[navigated to newBusBookingHelp]]>
    </line>
    <line>
      <![CDATA[navigated to covid19traveladvisory]]>
    </line>
    <line>
      <![CDATA[navigated to safetyPlusFeatureHelp]]>
    </line>
    <line>
      <![CDATA[navigated to technicalIssuesHelp]]>
    </line>
    <line>
      <![CDATA[navigated to redbusReferralHelp]]>
    </line>
    <line>
      <![CDATA[navigated to offersHelp]]>
    </line>
    <line>
      <![CDATA[navigated to redBusWalletHelp]]>
    </line>
    <line>
      <![CDATA[navigated to rpoolHelp]]>
    </line>
    <line>
      <![CDATA[browser login and then site login]]>
    </line>
    <line>
      <![CDATA[navigated to home page]]>
    </line>
    <line>
      <![CDATA[navigated to help page]]>
    </line>
    <line>
      <![CDATA[popups handled]]>
    </line>
    <line>
      <![CDATA[popups handled]]>
    </line>
    <line>
      <![CDATA[navigated to chats page]]>
    </line>
    <line>
      <![CDATA[view last chat]]>
    </line>
    <line>
      <![CDATA[view previous chat]]>
    </line>
    <line>
      <![CDATA[navigate to home page]]>
    </line>
    <line>
      <![CDATA[navigate to bus hire page]]>
    </line>
    <line>
      <![CDATA[navigate to outstation page]]>
    </line>
    <line>
      <![CDATA[navigate to local page]]>
    </line>
    <line>
      <![CDATA[navigate to airport page]]>
    </line>
    <line>
      <![CDATA[navigate to home page]]>
    </line>
    <line>
      <![CDATA[navigate to bus hire page]]>
    </line>
    <line>
      <![CDATA[navigate to rcommute page]]>
    </line>
    <line>
      <![CDATA[submit clicked without filling fields]]>
    </line>
    <line>
      <![CDATA[error appears]]>
    </line>
    <line>
      <![CDATA[navigate to home page]]>
    </line>
    <line>
      <![CDATA[navigate to bus hire page]]>
    </line>
    <line>
      <![CDATA[navigate to rcommute page]]>
    </line>
    <line>
      <![CDATA[fields filled with invalid credential format]]>
    </line>
    <line>
      <![CDATA[submit clicked]]>
    </line>
    <line>
      <![CDATA[error appears]]>
    </line>
  </reporter-output>
  <suite name="Suite" duration-ms="1093790" started-at="2021-07-05T22:26:24Z" finished-at="2021-07-05T22:44:38Z">
    <groups>
    </groups>
    <test name="Test" duration-ms="1093790" started-at="2021-07-05T22:26:24Z" finished-at="2021-07-05T22:44:38Z">
      <class name="tests.TestsType_ChangeTravelDate">
        <test-method status="PASS" signature="refreshFile()[pri:0, instance:tests.TestsType_ChangeTravelDate@5542c4ed]" name="refreshFile" is-config="true" duration-ms="64" started-at="2021-07-05T22:34:31Z" finished-at="2021-07-05T22:34:32Z">
          <reporter-output>
          </reporter-output>
        </test-method> <!-- refreshFile -->
        <test-method status="PASS" signature="ChangeTravelDate_invalidtin_invalidemail()[pri:0, instance:tests.TestsType_ChangeTravelDate@5542c4ed]" name="ChangeTravelDate_invalidtin_invalidemail" duration-ms="30117" started-at="2021-07-05T22:34:32Z" finished-at="2021-07-05T22:35:02Z">
          <reporter-output>
            <line>
              <![CDATA[navigated to changeTravelDate page and details filled and submit clicked]]>
            </line>
            <line>
              <![CDATA[warning validated]]>
            </line>
          </reporter-output>
        </test-method> <!-- ChangeTravelDate_invalidtin_invalidemail -->
        <test-method status="PASS" signature="endTestAndCloseBrowser(org.testng.ITestResult)[pri:0, instance:tests.TestsType_ChangeTravelDate@5542c4ed]" name="endTestAndCloseBrowser" is-config="true" duration-ms="1" started-at="2021-07-05T22:35:02Z" finished-at="2021-07-05T22:35:02Z">
          <params>
            <param index="0">
              <value>
                <![CDATA[[TestResult name=ChangeTravelDate_invalidtin_invalidemail status=SUCCESS method=TestsType_ChangeTravelDate.ChangeTravelDate_invalidtin_invalidemail()[pri:0, instance:tests.TestsType_ChangeTravelDate@5542c4ed] output=navigated to changeTravelDate page and details filled and submit clicked]]]>
              </value>
            </param>
          </params>
          <reporter-output>
          </reporter-output>
        </test-method> <!-- endTestAndCloseBrowser -->
        <test-method status="PASS" signature="ChangeTravelDate_invalidtin_validemail()[pri:0, instance:tests.TestsType_ChangeTravelDate@5542c4ed]" name="ChangeTravelDate_invalidtin_validemail" duration-ms="22181" started-at="2021-07-05T22:35:02Z" finished-at="2021-07-05T22:35:24Z">
          <reporter-output>
            <line>
              <![CDATA[navigated to changeTravelDate page and details filled and submit clicked]]>
            </line>
            <line>
              <![CDATA[warning validated]]>
            </line>
          </reporter-output>
        </test-method> <!-- ChangeTravelDate_invalidtin_validemail -->
        <test-method status="PASS" signature="endTestAndCloseBrowser(org.testng.ITestResult)[pri:0, instance:tests.TestsType_ChangeTravelDate@5542c4ed]" name="endTestAndCloseBrowser" is-config="true" duration-ms="0" started-at="2021-07-05T22:35:24Z" finished-at="2021-07-05T22:35:24Z">
          <params>
            <param index="0">
              <value>
                <![CDATA[[TestResult name=ChangeTravelDate_invalidtin_validemail status=SUCCESS method=TestsType_ChangeTravelDate.ChangeTravelDate_invalidtin_validemail()[pri:0, instance:tests.TestsType_ChangeTravelDate@5542c4ed] output=navigated to changeTravelDate page and details filled and submit clicked]]]>
              </value>
            </param>
          </params>
          <reporter-output>
          </reporter-output>
        </test-method> <!-- endTestAndCloseBrowser -->
        <test-method status="PASS" signature="ChangeTravelDate_validtin_invalidemail()[pri:0, instance:tests.TestsType_ChangeTravelDate@5542c4ed]" name="ChangeTravelDate_validtin_invalidemail" duration-ms="21077" started-at="2021-07-05T22:35:24Z" finished-at="2021-07-05T22:35:45Z">
          <reporter-output>
            <line>
              <![CDATA[navigated to changeTravelDate page and details filled and submit clicked]]>
            </line>
            <line>
              <![CDATA[warning validated]]>
            </line>
          </reporter-output>
        </test-method> <!-- ChangeTravelDate_validtin_invalidemail -->
        <test-method status="PASS" signature="endTestAndCloseBrowser(org.testng.ITestResult)[pri:0, instance:tests.TestsType_ChangeTravelDate@5542c4ed]" name="endTestAndCloseBrowser" is-config="true" duration-ms="1" started-at="2021-07-05T22:35:45Z" finished-at="2021-07-05T22:35:45Z">
          <params>
            <param index="0">
              <value>
                <![CDATA[[TestResult name=ChangeTravelDate_validtin_invalidemail status=SUCCESS method=TestsType_ChangeTravelDate.ChangeTravelDate_validtin_invalidemail()[pri:0, instance:tests.TestsType_ChangeTravelDate@5542c4ed] output=navigated to changeTravelDate page and details filled and submit clicked]]]>
              </value>
            </param>
          </params>
          <reporter-output>
          </reporter-output>
        </test-method> <!-- endTestAndCloseBrowser -->
        <test-method status="PASS" signature="ChangeTravelDate_validtin_validemail()[pri:0, instance:tests.TestsType_ChangeTravelDate@5542c4ed]" name="ChangeTravelDate_validtin_validemail" duration-ms="19147" started-at="2021-07-05T22:35:45Z" finished-at="2021-07-05T22:36:04Z">
          <reporter-output>
            <line>
              <![CDATA[navigated to home page]]>
            </line>
            <line>
              <![CDATA[navigated to ChangeTravelDate page]]>
            </line>
            <line>
              <![CDATA[details filled submit clicked]]>
            </line>
          </reporter-output>
        </test-method> <!-- ChangeTravelDate_validtin_validemail -->
        <test-method status="PASS" signature="endTestAndCloseBrowser(org.testng.ITestResult)[pri:0, instance:tests.TestsType_ChangeTravelDate@5542c4ed]" name="endTestAndCloseBrowser" is-config="true" duration-ms="1" started-at="2021-07-05T22:36:04Z" finished-at="2021-07-05T22:36:04Z">
          <params>
            <param index="0">
              <value>
                <![CDATA[[TestResult name=ChangeTravelDate_validtin_validemail status=SUCCESS method=TestsType_ChangeTravelDate.ChangeTravelDate_validtin_validemail()[pri:0, instance:tests.TestsType_ChangeTravelDate@5542c4ed] output=navigated to home page]]]>
              </value>
            </param>
          </params>
          <reporter-output>
          </reporter-output>
        </test-method> <!-- endTestAndCloseBrowser -->
      </class> <!-- tests.TestsType_ChangeTravelDate -->
      <class name="tests.TestsType_BookSeat">
        <test-method status="PASS" signature="setExtent()[pri:0, instance:tests.TestsType_BookSeat@4c12331b]" name="setExtent" is-config="true" duration-ms="995" started-at="2021-07-05T22:26:23Z" finished-at="2021-07-05T22:26:24Z">
          <reporter-output>
          </reporter-output>
        </test-method> <!-- setExtent -->
        <test-method status="PASS" signature="bookSeat_loggedInRedBusAccount()[pri:0, instance:tests.TestsType_BookSeat@4c12331b]" name="bookSeat_loggedInRedBusAccount" duration-ms="120678" started-at="2021-07-05T22:26:24Z" finished-at="2021-07-05T22:28:25Z">
          <reporter-output>
            <line>
              <![CDATA[login is successful]]>
            </line>
            <line>
              <![CDATA[src,dest,date fields are filled and search clicked]]>
            </line>
            <line>
              <![CDATA[view seats result displayed]]>
            </line>
            <line>
              <![CDATA[view seats info displayed]]>
            </line>
            <line>
              <![CDATA[seat is selected]]>
            </line>
            <line>
              <![CDATA[trip time 1st option choosed]]>
            </line>
            <line>
              <![CDATA[continue and proceeded with info validation of trip by time and source]]>
            </line>
            <line>
              <![CDATA[navigated to passenger details page]]>
            </line>
          </reporter-output>
        </test-method> <!-- bookSeat_loggedInRedBusAccount -->
        <test-method status="PASS" signature="endTestAndCloseBrowser(org.testng.ITestResult)[pri:0, instance:tests.TestsType_BookSeat@4c12331b]" name="endTestAndCloseBrowser" is-config="true" duration-ms="18" started-at="2021-07-05T22:28:25Z" finished-at="2021-07-05T22:28:25Z">
          <params>
            <param index="0">
              <value>
                <![CDATA[[TestResult name=bookSeat_loggedInRedBusAccount status=SUCCESS method=TestsType_BookSeat.bookSeat_loggedInRedBusAccount()[pri:0, instance:tests.TestsType_BookSeat@4c12331b] output=login is successful]]]>
              </value>
            </param>
          </params>
          <reporter-output>
          </reporter-output>
        </test-method> <!-- endTestAndCloseBrowser -->
        <test-method status="PASS" signature="endReport()[pri:0, instance:tests.TestsType_BookSeat@4c12331b]" name="endReport" is-config="true" duration-ms="558" started-at="2021-07-05T22:44:38Z" finished-at="2021-07-05T22:44:39Z">
          <reporter-output>
          </reporter-output>
        </test-method> <!-- endReport -->
      </class> <!-- tests.TestsType_BookSeat -->
      <class name="tests.TestsType_BusHire">
        <test-method status="PASS" signature="busHireOptionsNavigationTest()[pri:0, instance:tests.TestsType_BusHire@7e6f74c]" name="busHireOptionsNavigationTest" duration-ms="55389" started-at="2021-07-05T22:42:29Z" finished-at="2021-07-05T22:43:24Z">
          <reporter-output>
            <line>
              <![CDATA[navigate to home page]]>
            </line>
            <line>
              <![CDATA[navigate to bus hire page]]>
            </line>
            <line>
              <![CDATA[navigate to outstation page]]>
            </line>
            <line>
              <![CDATA[navigate to local page]]>
            </line>
            <line>
              <![CDATA[navigate to airport page]]>
            </line>
          </reporter-output>
        </test-method> <!-- busHireOptionsNavigationTest -->
        <test-method status="PASS" signature="endTestAndCloseBrowser(org.testng.ITestResult)[pri:0, instance:tests.TestsType_BusHire@7e6f74c]" name="endTestAndCloseBrowser" is-config="true" duration-ms="0" started-at="2021-07-05T22:43:24Z" finished-at="2021-07-05T22:43:24Z">
          <params>
            <param index="0">
              <value>
                <![CDATA[[TestResult name=busHireOptionsNavigationTest status=SUCCESS method=TestsType_BusHire.busHireOptionsNavigationTest()[pri:0, instance:tests.TestsType_BusHire@7e6f74c] output=navigate to home page]]]>
              </value>
            </param>
          </params>
          <reporter-output>
          </reporter-output>
        </test-method> <!-- endTestAndCloseBrowser -->
        <test-method status="PASS" signature="employeeTransportTest_Invalid_BlankFields()[pri:0, instance:tests.TestsType_BusHire@7e6f74c]" name="employeeTransportTest_Invalid_BlankFields" duration-ms="35516" started-at="2021-07-05T22:43:24Z" finished-at="2021-07-05T22:44:00Z">
          <reporter-output>
            <line>
              <![CDATA[navigate to home page]]>
            </line>
            <line>
              <![CDATA[navigate to bus hire page]]>
            </line>
            <line>
              <![CDATA[navigate to rcommute page]]>
            </line>
            <line>
              <![CDATA[submit clicked without filling fields]]>
            </line>
            <line>
              <![CDATA[error appears]]>
            </line>
          </reporter-output>
        </test-method> <!-- employeeTransportTest_Invalid_BlankFields -->
        <test-method status="PASS" signature="endTestAndCloseBrowser(org.testng.ITestResult)[pri:0, instance:tests.TestsType_BusHire@7e6f74c]" name="endTestAndCloseBrowser" is-config="true" duration-ms="1" started-at="2021-07-05T22:44:00Z" finished-at="2021-07-05T22:44:00Z">
          <params>
            <param index="0">
              <value>
                <![CDATA[[TestResult name=employeeTransportTest_Invalid_BlankFields status=SUCCESS method=TestsType_BusHire.employeeTransportTest_Invalid_BlankFields()[pri:0, instance:tests.TestsType_BusHire@7e6f74c] output=navigate to home page]]]>
              </value>
            </param>
          </params>
          <reporter-output>
          </reporter-output>
        </test-method> <!-- endTestAndCloseBrowser -->
        <test-method status="PASS" signature="employeeTransportTest_invalidEmailAndPhn()[pri:0, instance:tests.TestsType_BusHire@7e6f74c]" name="employeeTransportTest_invalidEmailAndPhn" duration-ms="38525" started-at="2021-07-05T22:44:00Z" finished-at="2021-07-05T22:44:38Z">
          <reporter-output>
            <line>
              <![CDATA[navigate to home page]]>
            </line>
            <line>
              <![CDATA[navigate to bus hire page]]>
            </line>
            <line>
              <![CDATA[navigate to rcommute page]]>
            </line>
            <line>
              <![CDATA[fields filled with invalid credential format]]>
            </line>
            <line>
              <![CDATA[submit clicked]]>
            </line>
            <line>
              <![CDATA[error appears]]>
            </line>
          </reporter-output>
        </test-method> <!-- employeeTransportTest_invalidEmailAndPhn -->
        <test-method status="PASS" signature="endTestAndCloseBrowser(org.testng.ITestResult)[pri:0, instance:tests.TestsType_BusHire@7e6f74c]" name="endTestAndCloseBrowser" is-config="true" duration-ms="1" started-at="2021-07-05T22:44:38Z" finished-at="2021-07-05T22:44:38Z">
          <params>
            <param index="0">
              <value>
                <![CDATA[[TestResult name=employeeTransportTest_invalidEmailAndPhn status=SUCCESS method=TestsType_BusHire.employeeTransportTest_invalidEmailAndPhn()[pri:0, instance:tests.TestsType_BusHire@7e6f74c] output=navigate to home page]]]>
              </value>
            </param>
          </params>
          <reporter-output>
          </reporter-output>
        </test-method> <!-- endTestAndCloseBrowser -->
      </class> <!-- tests.TestsType_BusHire -->
      <class name="tests.TestsType_SearchCityNameAndDateTest">
        <test-method status="PASS" signature="refreshFile()[pri:0, instance:tests.TestsType_SearchCityNameAndDateTest@3b69e7d1]" name="refreshFile" is-config="true" duration-ms="129" started-at="2021-07-05T22:31:36Z" finished-at="2021-07-05T22:31:36Z">
          <reporter-output>
          </reporter-output>
        </test-method> <!-- refreshFile -->
        <test-method status="PASS" signature="searchtest()[pri:0, instance:tests.TestsType_SearchCityNameAndDateTest@3b69e7d1]" name="searchtest" duration-ms="88265" started-at="2021-07-05T22:31:36Z" finished-at="2021-07-05T22:33:04Z">
          <reporter-output>
            <line>
              <![CDATA[navigate to home page]]>
            </line>
            <line>
              <![CDATA[filled details src,dest,date areDelhi Gurgaon 31-8-2021]]>
            </line>
            <line>
              <![CDATA[SearchCityNameAndDateTest_searchtest_Delhi Gurgaon 31-8-2021 test ends]]>
            </line>
            <line>
              <![CDATA[navigate to home page]]>
            </line>
            <line>
              <![CDATA[filled details src,dest,date areAmritsar Chandigarh 29-10-2021]]>
            </line>
            <line>
              <![CDATA[SearchCityNameAndDateTest_searchtest_Amritsar Chandigarh 29-10-2021 test ends]]>
            </line>
            <line>
              <![CDATA[navigate to home page]]>
            </line>
            <line>
              <![CDATA[filled details src,dest,date areLucknow Kanpur 13-12-2021]]>
            </line>
            <line>
              <![CDATA[SearchCityNameAndDateTest_searchtest_Lucknow Kanpur 13-12-2021 test ends]]>
            </line>
          </reporter-output>
        </test-method> <!-- searchtest -->
        <test-method status="PASS" signature="endTestAndCloseBrowser(org.testng.ITestResult)[pri:0, instance:tests.TestsType_SearchCityNameAndDateTest@3b69e7d1]" name="endTestAndCloseBrowser" is-config="true" duration-ms="1" started-at="2021-07-05T22:33:04Z" finished-at="2021-07-05T22:33:04Z">
          <params>
            <param index="0">
              <value>
                <![CDATA[[TestResult name=searchtest status=SUCCESS method=TestsType_SearchCityNameAndDateTest.searchtest()[pri:0, instance:tests.TestsType_SearchCityNameAndDateTest@3b69e7d1] output=navigate to home page]]]>
              </value>
            </param>
          </params>
          <reporter-output>
          </reporter-output>
        </test-method> <!-- endTestAndCloseBrowser -->
      </class> <!-- tests.TestsType_SearchCityNameAndDateTest -->
      <class name="tests.TestsType_Login">
        <test-method status="PASS" signature="loginWithFacebookTest()[pri:0, instance:tests.TestsType_Login@7586beff]" name="loginWithFacebookTest" duration-ms="59324" started-at="2021-07-05T22:28:25Z" finished-at="2021-07-05T22:29:24Z">
          <reporter-output>
            <line>
              <![CDATA[facebook browser login]]>
            </line>
            <line>
              <![CDATA[navigate to site home page]]>
            </line>
            <line>
              <![CDATA[navigate to sign in page]]>
            </line>
            <line>
              <![CDATA[sign in with facebook choosed]]>
            </line>
            <line>
              <![CDATA[sign out appers]]>
            </line>
          </reporter-output>
        </test-method> <!-- loginWithFacebookTest -->
        <test-method status="PASS" signature="endTestAndCloseBrowser(org.testng.ITestResult)[pri:0, instance:tests.TestsType_Login@7586beff]" name="endTestAndCloseBrowser" is-config="true" duration-ms="2" started-at="2021-07-05T22:29:24Z" finished-at="2021-07-05T22:29:25Z">
          <params>
            <param index="0">
              <value>
                <![CDATA[[TestResult name=loginWithFacebookTest status=SUCCESS method=TestsType_Login.loginWithFacebookTest()[pri:0, instance:tests.TestsType_Login@7586beff] output=facebook browser login]]]>
              </value>
            </param>
          </params>
          <reporter-output>
          </reporter-output>
        </test-method> <!-- endTestAndCloseBrowser -->
        <test-method status="PASS" signature="loginWithGoogleTest()[pri:0, instance:tests.TestsType_Login@7586beff]" name="loginWithGoogleTest" duration-ms="80700" started-at="2021-07-05T22:29:25Z" finished-at="2021-07-05T22:30:45Z">
          <reporter-output>
            <line>
              <![CDATA[google browser login]]>
            </line>
            <line>
              <![CDATA[navigate to site home page]]>
            </line>
            <line>
              <![CDATA[navigate to sign in page]]>
            </line>
            <line>
              <![CDATA[sign in with google choosed]]>
            </line>
            <line>
              <![CDATA[sign out appers]]>
            </line>
          </reporter-output>
        </test-method> <!-- loginWithGoogleTest -->
        <test-method status="PASS" signature="endTestAndCloseBrowser(org.testng.ITestResult)[pri:0, instance:tests.TestsType_Login@7586beff]" name="endTestAndCloseBrowser" is-config="true" duration-ms="0" started-at="2021-07-05T22:30:45Z" finished-at="2021-07-05T22:30:45Z">
          <params>
            <param index="0">
              <value>
                <![CDATA[[TestResult name=loginWithGoogleTest status=SUCCESS method=TestsType_Login.loginWithGoogleTest()[pri:0, instance:tests.TestsType_Login@7586beff] output=google browser login]]]>
              </value>
            </param>
          </params>
          <reporter-output>
          </reporter-output>
        </test-method> <!-- endTestAndCloseBrowser -->
        <test-method status="PASS" signature="loginWithPhnNoInValidTest()[pri:0, instance:tests.TestsType_Login@7586beff]" name="loginWithPhnNoInValidTest" duration-ms="26310" started-at="2021-07-05T22:30:45Z" finished-at="2021-07-05T22:31:12Z">
          <reporter-output>
            <line>
              <![CDATA[navigate to site home page]]>
            </line>
            <line>
              <![CDATA[navigate to sign in page]]>
            </line>
            <line>
              <![CDATA[invalid phn no filled and error msg appears]]>
            </line>
          </reporter-output>
        </test-method> <!-- loginWithPhnNoInValidTest -->
        <test-method status="PASS" signature="endTestAndCloseBrowser(org.testng.ITestResult)[pri:0, instance:tests.TestsType_Login@7586beff]" name="endTestAndCloseBrowser" is-config="true" duration-ms="1" started-at="2021-07-05T22:31:12Z" finished-at="2021-07-05T22:31:12Z">
          <params>
            <param index="0">
              <value>
                <![CDATA[[TestResult name=loginWithPhnNoInValidTest status=SUCCESS method=TestsType_Login.loginWithPhnNoInValidTest()[pri:0, instance:tests.TestsType_Login@7586beff] output=navigate to site home page]]]>
              </value>
            </param>
          </params>
          <reporter-output>
          </reporter-output>
        </test-method> <!-- endTestAndCloseBrowser -->
        <test-method status="PASS" signature="loginWithPhnNoValidTest()[pri:0, instance:tests.TestsType_Login@7586beff]" name="loginWithPhnNoValidTest" duration-ms="23996" started-at="2021-07-05T22:31:12Z" finished-at="2021-07-05T22:31:36Z">
          <reporter-output>
            <line>
              <![CDATA[navigate to site home page]]>
            </line>
            <line>
              <![CDATA[navigate to sign in page]]>
            </line>
            <line>
              <![CDATA[phn no filled without error msg]]>
            </line>
            <line>
              <![CDATA[captcha box appears]]>
            </line>
          </reporter-output>
        </test-method> <!-- loginWithPhnNoValidTest -->
        <test-method status="PASS" signature="endTestAndCloseBrowser(org.testng.ITestResult)[pri:0, instance:tests.TestsType_Login@7586beff]" name="endTestAndCloseBrowser" is-config="true" duration-ms="1" started-at="2021-07-05T22:31:36Z" finished-at="2021-07-05T22:31:36Z">
          <params>
            <param index="0">
              <value>
                <![CDATA[[TestResult name=loginWithPhnNoValidTest status=SUCCESS method=TestsType_Login.loginWithPhnNoValidTest()[pri:0, instance:tests.TestsType_Login@7586beff] output=navigate to site home page]]]>
              </value>
            </param>
          </params>
          <reporter-output>
          </reporter-output>
        </test-method> <!-- endTestAndCloseBrowser -->
      </class> <!-- tests.TestsType_Login -->
      <class name="tests.TestsType_ShowMyTicket">
        <test-method status="PASS" signature="refreshFile()[pri:0, instance:tests.TestsType_ShowMyTicket@1573f9fc]" name="refreshFile" is-config="true" duration-ms="66" started-at="2021-07-05T22:36:04Z" finished-at="2021-07-05T22:36:04Z">
          <reporter-output>
          </reporter-output>
        </test-method> <!-- refreshFile -->
        <test-method status="PASS" signature="showMyTicket_invalidtin_invalidemail()[pri:0, instance:tests.TestsType_ShowMyTicket@1573f9fc]" name="showMyTicket_invalidtin_invalidemail" duration-ms="19254" started-at="2021-07-05T22:36:04Z" finished-at="2021-07-05T22:36:23Z">
          <reporter-output>
            <line>
              <![CDATA[navigated to showMyTicket page and details filled and submit clicked]]>
            </line>
            <line>
              <![CDATA[warning validated]]>
            </line>
          </reporter-output>
        </test-method> <!-- showMyTicket_invalidtin_invalidemail -->
        <test-method status="PASS" signature="endTestAndCloseBrowser(org.testng.ITestResult)[pri:0, instance:tests.TestsType_ShowMyTicket@1573f9fc]" name="endTestAndCloseBrowser" is-config="true" duration-ms="0" started-at="2021-07-05T22:36:23Z" finished-at="2021-07-05T22:36:23Z">
          <params>
            <param index="0">
              <value>
                <![CDATA[[TestResult name=showMyTicket_invalidtin_invalidemail status=SUCCESS method=TestsType_ShowMyTicket.showMyTicket_invalidtin_invalidemail()[pri:0, instance:tests.TestsType_ShowMyTicket@1573f9fc] output=navigated to showMyTicket page and details filled and submit clicked]]]>
              </value>
            </param>
          </params>
          <reporter-output>
          </reporter-output>
        </test-method> <!-- endTestAndCloseBrowser -->
        <test-method status="PASS" signature="showMyTicket_invalidtin_validemail()[pri:0, instance:tests.TestsType_ShowMyTicket@1573f9fc]" name="showMyTicket_invalidtin_validemail" duration-ms="21748" started-at="2021-07-05T22:36:23Z" finished-at="2021-07-05T22:36:45Z">
          <reporter-output>
            <line>
              <![CDATA[navigated to showMyTicket page and details filled and submit clicked]]>
            </line>
            <line>
              <![CDATA[warning validated]]>
            </line>
          </reporter-output>
        </test-method> <!-- showMyTicket_invalidtin_validemail -->
        <test-method status="PASS" signature="endTestAndCloseBrowser(org.testng.ITestResult)[pri:0, instance:tests.TestsType_ShowMyTicket@1573f9fc]" name="endTestAndCloseBrowser" is-config="true" duration-ms="2" started-at="2021-07-05T22:36:45Z" finished-at="2021-07-05T22:36:45Z">
          <params>
            <param index="0">
              <value>
                <![CDATA[[TestResult name=showMyTicket_invalidtin_validemail status=SUCCESS method=TestsType_ShowMyTicket.showMyTicket_invalidtin_validemail()[pri:0, instance:tests.TestsType_ShowMyTicket@1573f9fc] output=navigated to showMyTicket page and details filled and submit clicked]]]>
              </value>
            </param>
          </params>
          <reporter-output>
          </reporter-output>
        </test-method> <!-- endTestAndCloseBrowser -->
        <test-method status="PASS" signature="showMyTicket_validtin_invalidemail()[pri:0, instance:tests.TestsType_ShowMyTicket@1573f9fc]" name="showMyTicket_validtin_invalidemail" duration-ms="19110" started-at="2021-07-05T22:36:45Z" finished-at="2021-07-05T22:37:04Z">
          <reporter-output>
            <line>
              <![CDATA[navigated to showMyTicket page and details filled and submit clicked]]>
            </line>
            <line>
              <![CDATA[warning validated]]>
            </line>
          </reporter-output>
        </test-method> <!-- showMyTicket_validtin_invalidemail -->
        <test-method status="PASS" signature="endTestAndCloseBrowser(org.testng.ITestResult)[pri:0, instance:tests.TestsType_ShowMyTicket@1573f9fc]" name="endTestAndCloseBrowser" is-config="true" duration-ms="1" started-at="2021-07-05T22:37:04Z" finished-at="2021-07-05T22:37:04Z">
          <params>
            <param index="0">
              <value>
                <![CDATA[[TestResult name=showMyTicket_validtin_invalidemail status=SUCCESS method=TestsType_ShowMyTicket.showMyTicket_validtin_invalidemail()[pri:0, instance:tests.TestsType_ShowMyTicket@1573f9fc] output=navigated to showMyTicket page and details filled and submit clicked]]]>
              </value>
            </param>
          </params>
          <reporter-output>
          </reporter-output>
        </test-method> <!-- endTestAndCloseBrowser -->
        <test-method status="PASS" signature="showMyTicket_validtin_validemail()[pri:0, instance:tests.TestsType_ShowMyTicket@1573f9fc]" name="showMyTicket_validtin_validemail" duration-ms="20134" started-at="2021-07-05T22:37:04Z" finished-at="2021-07-05T22:37:24Z">
          <reporter-output>
            <line>
              <![CDATA[navigated to home page]]>
            </line>
            <line>
              <![CDATA[navigated to show my ticket page]]>
            </line>
            <line>
              <![CDATA[details filled and submit clicked]]>
            </line>
          </reporter-output>
        </test-method> <!-- showMyTicket_validtin_validemail -->
        <test-method status="PASS" signature="endTestAndCloseBrowser(org.testng.ITestResult)[pri:0, instance:tests.TestsType_ShowMyTicket@1573f9fc]" name="endTestAndCloseBrowser" is-config="true" duration-ms="1" started-at="2021-07-05T22:37:24Z" finished-at="2021-07-05T22:37:24Z">
          <params>
            <param index="0">
              <value>
                <![CDATA[[TestResult name=showMyTicket_validtin_validemail status=SUCCESS method=TestsType_ShowMyTicket.showMyTicket_validtin_validemail()[pri:0, instance:tests.TestsType_ShowMyTicket@1573f9fc] output=navigated to home page]]]>
              </value>
            </param>
          </params>
          <reporter-output>
          </reporter-output>
        </test-method> <!-- endTestAndCloseBrowser -->
      </class> <!-- tests.TestsType_ShowMyTicket -->
      <class name="tests.TestsType_Help">
        <test-method status="PASS" signature="helpTypeNavigationTest()[pri:0, instance:tests.TestsType_Help@44c03695]" name="helpTypeNavigationTest" duration-ms="121830" started-at="2021-07-05T22:39:04Z" finished-at="2021-07-05T22:41:06Z">
          <reporter-output>
            <line>
              <![CDATA[browser login and then site login]]>
            </line>
            <line>
              <![CDATA[navigated to home page]]>
            </line>
            <line>
              <![CDATA[navigated to help page]]>
            </line>
            <line>
              <![CDATA[popups handled]]>
            </line>
            <line>
              <![CDATA[navigated to newBusBookingHelp]]>
            </line>
            <line>
              <![CDATA[navigated to covid19traveladvisory]]>
            </line>
            <line>
              <![CDATA[navigated to safetyPlusFeatureHelp]]>
            </line>
            <line>
              <![CDATA[navigated to technicalIssuesHelp]]>
            </line>
            <line>
              <![CDATA[navigated to redbusReferralHelp]]>
            </line>
            <line>
              <![CDATA[navigated to offersHelp]]>
            </line>
            <line>
              <![CDATA[navigated to redBusWalletHelp]]>
            </line>
            <line>
              <![CDATA[navigated to rpoolHelp]]>
            </line>
          </reporter-output>
        </test-method> <!-- helpTypeNavigationTest -->
        <test-method status="PASS" signature="endTestAndCloseBrowser(org.testng.ITestResult)[pri:0, instance:tests.TestsType_Help@44c03695]" name="endTestAndCloseBrowser" is-config="true" duration-ms="1" started-at="2021-07-05T22:41:06Z" finished-at="2021-07-05T22:41:06Z">
          <params>
            <param index="0">
              <value>
                <![CDATA[[TestResult name=helpTypeNavigationTest status=SUCCESS method=TestsType_Help.helpTypeNavigationTest()[pri:0, instance:tests.TestsType_Help@44c03695] output=browser login and then site login]]]>
              </value>
            </param>
          </params>
          <reporter-output>
          </reporter-output>
        </test-method> <!-- endTestAndCloseBrowser -->
        <test-method status="PASS" signature="help_viewAllChatsNavigationTest()[pri:0, instance:tests.TestsType_Help@44c03695]" name="help_viewAllChatsNavigationTest" duration-ms="83183" started-at="2021-07-05T22:41:06Z" finished-at="2021-07-05T22:42:29Z">
          <reporter-output>
            <line>
              <![CDATA[browser login and then site login]]>
            </line>
            <line>
              <![CDATA[navigated to home page]]>
            </line>
            <line>
              <![CDATA[navigated to help page]]>
            </line>
            <line>
              <![CDATA[popups handled]]>
            </line>
            <line>
              <![CDATA[popups handled]]>
            </line>
            <line>
              <![CDATA[navigated to chats page]]>
            </line>
            <line>
              <![CDATA[view last chat]]>
            </line>
            <line>
              <![CDATA[view previous chat]]>
            </line>
          </reporter-output>
        </test-method> <!-- help_viewAllChatsNavigationTest -->
        <test-method status="PASS" signature="endTestAndCloseBrowser(org.testng.ITestResult)[pri:0, instance:tests.TestsType_Help@44c03695]" name="endTestAndCloseBrowser" is-config="true" duration-ms="2" started-at="2021-07-05T22:42:29Z" finished-at="2021-07-05T22:42:29Z">
          <params>
            <param index="0">
              <value>
                <![CDATA[[TestResult name=help_viewAllChatsNavigationTest status=SUCCESS method=TestsType_Help.help_viewAllChatsNavigationTest()[pri:0, instance:tests.TestsType_Help@44c03695] output=browser login and then site login]]]>
              </value>
            </param>
          </params>
          <reporter-output>
          </reporter-output>
        </test-method> <!-- endTestAndCloseBrowser -->
      </class> <!-- tests.TestsType_Help -->
      <class name="tests.TestsType_EmailSmsTicket">
        <test-method status="PASS" signature="refreshFile()[pri:0, instance:tests.TestsType_EmailSmsTicket@6150c3ec]" name="refreshFile" is-config="true" duration-ms="63" started-at="2021-07-05T22:37:24Z" finished-at="2021-07-05T22:37:24Z">
          <reporter-output>
          </reporter-output>
        </test-method> <!-- refreshFile -->
        <test-method status="PASS" signature="emailSmsTicket_invalidtin_invalidemail()[pri:0, instance:tests.TestsType_EmailSmsTicket@6150c3ec]" name="emailSmsTicket_invalidtin_invalidemail" duration-ms="29694" started-at="2021-07-05T22:37:24Z" finished-at="2021-07-05T22:37:54Z">
          <reporter-output>
            <line>
              <![CDATA[navigated to emailSmsTicket page and details filled and submit clicked]]>
            </line>
            <line>
              <![CDATA[warning validated]]>
            </line>
          </reporter-output>
        </test-method> <!-- emailSmsTicket_invalidtin_invalidemail -->
        <test-method status="PASS" signature="endTestAndCloseBrowser(org.testng.ITestResult)[pri:0, instance:tests.TestsType_EmailSmsTicket@6150c3ec]" name="endTestAndCloseBrowser" is-config="true" duration-ms="1" started-at="2021-07-05T22:37:54Z" finished-at="2021-07-05T22:37:54Z">
          <params>
            <param index="0">
              <value>
                <![CDATA[[TestResult name=emailSmsTicket_invalidtin_invalidemail status=SUCCESS method=TestsType_EmailSmsTicket.emailSmsTicket_invalidtin_invalidemail()[pri:0, instance:tests.TestsType_EmailSmsTicket@6150c3ec] output=navigated to emailSmsTicket page and details filled and submit clicked]]]>
              </value>
            </param>
          </params>
          <reporter-output>
          </reporter-output>
        </test-method> <!-- endTestAndCloseBrowser -->
        <test-method status="PASS" signature="emailSmsTicket_invalidtin_validemail()[pri:0, instance:tests.TestsType_EmailSmsTicket@6150c3ec]" name="emailSmsTicket_invalidtin_validemail" duration-ms="20925" started-at="2021-07-05T22:37:54Z" finished-at="2021-07-05T22:38:15Z">
          <reporter-output>
            <line>
              <![CDATA[navigated to emailSmsTicket page and details filled and submit clicked]]>
            </line>
            <line>
              <![CDATA[warning validated]]>
            </line>
          </reporter-output>
        </test-method> <!-- emailSmsTicket_invalidtin_validemail -->
        <test-method status="PASS" signature="endTestAndCloseBrowser(org.testng.ITestResult)[pri:0, instance:tests.TestsType_EmailSmsTicket@6150c3ec]" name="endTestAndCloseBrowser" is-config="true" duration-ms="1" started-at="2021-07-05T22:38:15Z" finished-at="2021-07-05T22:38:15Z">
          <params>
            <param index="0">
              <value>
                <![CDATA[[TestResult name=emailSmsTicket_invalidtin_validemail status=SUCCESS method=TestsType_EmailSmsTicket.emailSmsTicket_invalidtin_validemail()[pri:0, instance:tests.TestsType_EmailSmsTicket@6150c3ec] output=navigated to emailSmsTicket page and details filled and submit clicked]]]>
              </value>
            </param>
          </params>
          <reporter-output>
          </reporter-output>
        </test-method> <!-- endTestAndCloseBrowser -->
        <test-method status="PASS" signature="emailSmsTicket_validtin_invalidemail()[pri:0, instance:tests.TestsType_EmailSmsTicket@6150c3ec]" name="emailSmsTicket_validtin_invalidemail" duration-ms="20247" started-at="2021-07-05T22:38:15Z" finished-at="2021-07-05T22:38:35Z">
          <reporter-output>
            <line>
              <![CDATA[navigated to emailSmsTicket page and details filled and submit clicked]]>
            </line>
            <line>
              <![CDATA[warning validated]]>
            </line>
          </reporter-output>
        </test-method> <!-- emailSmsTicket_validtin_invalidemail -->
        <test-method status="PASS" signature="endTestAndCloseBrowser(org.testng.ITestResult)[pri:0, instance:tests.TestsType_EmailSmsTicket@6150c3ec]" name="endTestAndCloseBrowser" is-config="true" duration-ms="1" started-at="2021-07-05T22:38:35Z" finished-at="2021-07-05T22:38:35Z">
          <params>
            <param index="0">
              <value>
                <![CDATA[[TestResult name=emailSmsTicket_validtin_invalidemail status=SUCCESS method=TestsType_EmailSmsTicket.emailSmsTicket_validtin_invalidemail()[pri:0, instance:tests.TestsType_EmailSmsTicket@6150c3ec] output=navigated to emailSmsTicket page and details filled and submit clicked]]]>
              </value>
            </param>
          </params>
          <reporter-output>
          </reporter-output>
        </test-method> <!-- endTestAndCloseBrowser -->
        <test-method status="PASS" signature="emailSmsTicket_validtin_validemail()[pri:0, instance:tests.TestsType_EmailSmsTicket@6150c3ec]" name="emailSmsTicket_validtin_validemail" duration-ms="28489" started-at="2021-07-05T22:38:35Z" finished-at="2021-07-05T22:39:04Z">
          <reporter-output>
            <line>
              <![CDATA[navigated to home page]]>
            </line>
            <line>
              <![CDATA[navigated to EmailSmsTicket page]]>
            </line>
            <line>
              <![CDATA[details filled submit clicked]]>
            </line>
          </reporter-output>
        </test-method> <!-- emailSmsTicket_validtin_validemail -->
        <test-method status="PASS" signature="endTestAndCloseBrowser(org.testng.ITestResult)[pri:0, instance:tests.TestsType_EmailSmsTicket@6150c3ec]" name="endTestAndCloseBrowser" is-config="true" duration-ms="1" started-at="2021-07-05T22:39:04Z" finished-at="2021-07-05T22:39:04Z">
          <params>
            <param index="0">
              <value>
                <![CDATA[[TestResult name=emailSmsTicket_validtin_validemail status=SUCCESS method=TestsType_EmailSmsTicket.emailSmsTicket_validtin_validemail()[pri:0, instance:tests.TestsType_EmailSmsTicket@6150c3ec] output=navigated to home page]]]>
              </value>
            </param>
          </params>
          <reporter-output>
          </reporter-output>
        </test-method> <!-- endTestAndCloseBrowser -->
      </class> <!-- tests.TestsType_EmailSmsTicket -->
      <class name="tests.TestsType_CancelTicket">
        <test-method status="PASS" signature="refreshFile()[pri:0, instance:tests.TestsType_CancelTicket@815b41f]" name="refreshFile" is-config="true" duration-ms="57" started-at="2021-07-05T22:33:04Z" finished-at="2021-07-05T22:33:04Z">
          <reporter-output>
          </reporter-output>
        </test-method> <!-- refreshFile -->
        <test-method status="PASS" signature="cancelTicket_invalidtin_invalidemail()[pri:0, instance:tests.TestsType_CancelTicket@815b41f]" name="cancelTicket_invalidtin_invalidemail" duration-ms="20667" started-at="2021-07-05T22:33:04Z" finished-at="2021-07-05T22:33:25Z">
          <reporter-output>
            <line>
              <![CDATA[navigated to cancel ticket page and details filled and submit clicked]]>
            </line>
            <line>
              <![CDATA[warning validated]]>
            </line>
          </reporter-output>
        </test-method> <!-- cancelTicket_invalidtin_invalidemail -->
        <test-method status="PASS" signature="endTestAndCloseBrowser(org.testng.ITestResult)[pri:0, instance:tests.TestsType_CancelTicket@815b41f]" name="endTestAndCloseBrowser" is-config="true" duration-ms="0" started-at="2021-07-05T22:33:25Z" finished-at="2021-07-05T22:33:25Z">
          <params>
            <param index="0">
              <value>
                <![CDATA[[TestResult name=cancelTicket_invalidtin_invalidemail status=SUCCESS method=TestsType_CancelTicket.cancelTicket_invalidtin_invalidemail()[pri:0, instance:tests.TestsType_CancelTicket@815b41f] output=navigated to cancel ticket page and details filled and submit clicked]]]>
              </value>
            </param>
          </params>
          <reporter-output>
          </reporter-output>
        </test-method> <!-- endTestAndCloseBrowser -->
        <test-method status="PASS" signature="cancelTicket_invalidtin_validemail()[pri:0, instance:tests.TestsType_CancelTicket@815b41f]" name="cancelTicket_invalidtin_validemail" duration-ms="25782" started-at="2021-07-05T22:33:25Z" finished-at="2021-07-05T22:33:50Z">
          <reporter-output>
            <line>
              <![CDATA[navigated to cancel ticket page and details filled and submit clicked]]>
            </line>
            <line>
              <![CDATA[warning validated]]>
            </line>
          </reporter-output>
        </test-method> <!-- cancelTicket_invalidtin_validemail -->
        <test-method status="PASS" signature="endTestAndCloseBrowser(org.testng.ITestResult)[pri:0, instance:tests.TestsType_CancelTicket@815b41f]" name="endTestAndCloseBrowser" is-config="true" duration-ms="1" started-at="2021-07-05T22:33:50Z" finished-at="2021-07-05T22:33:50Z">
          <params>
            <param index="0">
              <value>
                <![CDATA[[TestResult name=cancelTicket_invalidtin_validemail status=SUCCESS method=TestsType_CancelTicket.cancelTicket_invalidtin_validemail()[pri:0, instance:tests.TestsType_CancelTicket@815b41f] output=navigated to cancel ticket page and details filled and submit clicked]]]>
              </value>
            </param>
          </params>
          <reporter-output>
          </reporter-output>
        </test-method> <!-- endTestAndCloseBrowser -->
        <test-method status="PASS" signature="cancelTicket_validtin_invalidemail()[pri:0, instance:tests.TestsType_CancelTicket@815b41f]" name="cancelTicket_validtin_invalidemail" duration-ms="22579" started-at="2021-07-05T22:33:50Z" finished-at="2021-07-05T22:34:13Z">
          <reporter-output>
            <line>
              <![CDATA[navigated to cancel ticket page and details filled and submit clicked]]>
            </line>
            <line>
              <![CDATA[warning validated]]>
            </line>
          </reporter-output>
        </test-method> <!-- cancelTicket_validtin_invalidemail -->
        <test-method status="PASS" signature="cancelTicket_validtin_validemail()[pri:0, instance:tests.TestsType_CancelTicket@815b41f]" name="cancelTicket_validtin_validemail" duration-ms="18452" started-at="2021-07-05T22:34:13Z" finished-at="2021-07-05T22:34:31Z">
          <reporter-output>
            <line>
              <![CDATA[navigated to home page]]>
            </line>
            <line>
              <![CDATA[navigated to cancel ticket page]]>
            </line>
            <line>
              <![CDATA[details filled submit clicked]]>
            </line>
          </reporter-output>
        </test-method> <!-- cancelTicket_validtin_validemail -->
        <test-method status="PASS" signature="endTestAndCloseBrowser(org.testng.ITestResult)[pri:0, instance:tests.TestsType_CancelTicket@815b41f]" name="endTestAndCloseBrowser" is-config="true" duration-ms="0" started-at="2021-07-05T22:34:13Z" finished-at="2021-07-05T22:34:13Z">
          <params>
            <param index="0">
              <value>
                <![CDATA[[TestResult name=cancelTicket_validtin_invalidemail status=SUCCESS method=TestsType_CancelTicket.cancelTicket_validtin_invalidemail()[pri:0, instance:tests.TestsType_CancelTicket@815b41f] output=navigated to cancel ticket page and details filled and submit clicked]]]>
              </value>
            </param>
          </params>
          <reporter-output>
          </reporter-output>
        </test-method> <!-- endTestAndCloseBrowser -->
        <test-method status="PASS" signature="endTestAndCloseBrowser(org.testng.ITestResult)[pri:0, instance:tests.TestsType_CancelTicket@815b41f]" name="endTestAndCloseBrowser" is-config="true" duration-ms="2" started-at="2021-07-05T22:34:31Z" finished-at="2021-07-05T22:34:31Z">
          <params>
            <param index="0">
              <value>
                <![CDATA[[TestResult name=cancelTicket_validtin_validemail status=SUCCESS method=TestsType_CancelTicket.cancelTicket_validtin_validemail()[pri:0, instance:tests.TestsType_CancelTicket@815b41f] output=navigated to home page]]]>
              </value>
            </param>
          </params>
          <reporter-output>
          </reporter-output>
        </test-method> <!-- endTestAndCloseBrowser -->
      </class> <!-- tests.TestsType_CancelTicket -->
    </test> <!-- Test -->
  </suite> <!-- Suite -->
</testng-results>
